[2m2020-06-17 16:22:17.881[0;39m [32m INFO[0;39m [35m12332[0;39m [2m---[0;39m [2m[  restartedMain][0;39m [36m.e.DevToolsPropertyDefaultsPostProcessor[0;39m [2m:[0;39m Devtools property defaults active! Set 'spring.devtools.add-properties' to 'false' to disable
[2m2020-06-17 16:22:17.885[0;39m [32m INFO[0;39m [35m12332[0;39m [2m---[0;39m [2m[  restartedMain][0;39m [36m.e.DevToolsPropertyDefaultsPostProcessor[0;39m [2m:[0;39m For additional web related logging consider setting the 'logging.level.web' property to 'DEBUG'
[2m2020-06-17 16:22:20.190[0;39m [32m INFO[0;39m [35m12332[0;39m [2m---[0;39m [2m[  restartedMain][0;39m [36mtrationDelegate$BeanPostProcessorChecker[0;39m [2m:[0;39m Bean 'org.springframework.ws.config.annotation.DelegatingWsConfiguration' of type [org.springframework.ws.config.annotation.DelegatingWsConfiguration$$EnhancerBySpringCGLIB$$c922f7b4] is not eligible for getting processed by all BeanPostProcessors (for example: not eligible for auto-proxying)
[2m2020-06-17 16:22:20.281[0;39m [32m INFO[0;39m [35m12332[0;39m [2m---[0;39m [2m[  restartedMain][0;39m [36m.w.s.a.s.AnnotationActionEndpointMapping[0;39m [2m:[0;39m Supporting [WS-Addressing August 2004, WS-Addressing 1.0]
[2m2020-06-17 16:22:20.980[0;39m [32m INFO[0;39m [35m12332[0;39m [2m---[0;39m [2m[  restartedMain][0;39m [36mo.s.b.w.embedded.tomcat.TomcatWebServer [0;39m [2m:[0;39m Tomcat initialized with port(s): 9999 (http)
[2m2020-06-17 16:22:21.520[0;39m [32m INFO[0;39m [35m12332[0;39m [2m---[0;39m [2m[  restartedMain][0;39m [36mo.s.web.context.ContextLoader           [0;39m [2m:[0;39m Root WebApplicationContext: initialization completed in 3635 ms
[2m2020-06-17 16:22:23.113[0;39m [32m INFO[0;39m [35m12332[0;39m [2m---[0;39m [2m[  restartedMain][0;39m [36mo.s.s.concurrent.ThreadPoolTaskExecutor [0;39m [2m:[0;39m Initializing ExecutorService 'applicationTaskExecutor'
[2m2020-06-17 16:22:23.263[0;39m [32m INFO[0;39m [35m12332[0;39m [2m---[0;39m [2m[  restartedMain][0;39m [36mo.s.b.d.a.OptionalLiveReloadServer      [0;39m [2m:[0;39m LiveReload server is running on port 35729
[2m2020-06-17 16:22:23.318[0;39m [32m INFO[0;39m [35m12332[0;39m [2m---[0;39m [2m[  restartedMain][0;39m [36mo.s.b.a.w.s.WelcomePageHandlerMapping   [0;39m [2m:[0;39m Adding welcome page: class path resource [static/index.html]
[2m2020-06-17 16:22:24.164[0;39m [32m INFO[0;39m [35m12332[0;39m [2m---[0;39m [2m[  restartedMain][0;39m [36mo.s.b.w.embedded.tomcat.TomcatWebServer [0;39m [2m:[0;39m Tomcat started on port(s): 9999 (http) with context path '/happyhouse'
[2m2020-06-17 16:22:28.094[0;39m [32m INFO[0;39m [35m12332[0;39m [2m---[0;39m [2m[nio-9999-exec-1][0;39m [36mo.s.web.servlet.DispatcherServlet       [0;39m [2m:[0;39m Initializing Servlet 'dispatcherServlet'
[2m2020-06-17 16:22:28.106[0;39m [32m INFO[0;39m [35m12332[0;39m [2m---[0;39m [2m[nio-9999-exec-1][0;39m [36mo.s.web.servlet.DispatcherServlet       [0;39m [2m:[0;39m Completed initialization in 12 ms
[2m2020-06-17 16:34:38.604[0;39m [32m INFO[0;39m [35m12332[0;39m [2m---[0;39m [2m[nio-9999-exec-1][0;39m [36mc.s.HappyHouse.controller.aptController [0;39m [2m:[0;39m -- apt search -- Wed Jun 17 16:34:38 KST 2020
[2m2020-06-17 16:35:25.520[0;39m [32m INFO[0;39m [35m12332[0;39m [2m---[0;39m [2m[nio-9999-exec-6][0;39m [36mc.s.HappyHouse.controller.aptController [0;39m [2m:[0;39m -- apt search -- Wed Jun 17 16:35:25 KST 2020
[2m2020-06-17 16:35:28.107[0;39m [32m INFO[0;39m [35m12332[0;39m [2m---[0;39m [2m[io-9999-exec-10][0;39m [36mc.s.HappyHouse.controller.aptController [0;39m [2m:[0;39m -- apt search -- Wed Jun 17 16:35:28 KST 2020
[2m2020-06-17 16:36:14.374[0;39m [32m INFO[0;39m [35m12332[0;39m [2m---[0;39m [2m[nio-9999-exec-9][0;39m [36mc.s.HappyHouse.controller.aptController [0;39m [2m:[0;39m -- apt search -- Wed Jun 17 16:36:14 KST 2020
[2m2020-06-17 16:36:49.768[0;39m [32m INFO[0;39m [35m12332[0;39m [2m---[0;39m [2m[nio-9999-exec-5][0;39m [36mc.s.HappyHouse.controller.aptController [0;39m [2m:[0;39m -- apt search -- Wed Jun 17 16:36:49 KST 2020
[2m2020-06-17 16:42:05.576[0;39m [32m INFO[0;39m [35m12332[0;39m [2m---[0;39m [2m[nio-9999-exec-8][0;39m [36mc.s.HappyHouse.controller.aptController [0;39m [2m:[0;39m -- apt search -- Wed Jun 17 16:42:05 KST 2020
[2m2020-06-17 16:42:31.780[0;39m [32m INFO[0;39m [35m12332[0;39m [2m---[0;39m [2m[nio-9999-exec-7][0;39m [36mc.s.HappyHouse.controller.aptController [0;39m [2m:[0;39m -- apt search -- Wed Jun 17 16:42:31 KST 2020
[2m2020-06-17 16:42:39.008[0;39m [32m INFO[0;39m [35m12332[0;39m [2m---[0;39m [2m[nio-9999-exec-6][0;39m [36mc.s.HappyHouse.controller.aptController [0;39m [2m:[0;39m -- apt search -- Wed Jun 17 16:42:39 KST 2020
[2m2020-06-17 16:44:49.231[0;39m [32m INFO[0;39m [35m12332[0;39m [2m---[0;39m [2m[io-9999-exec-10][0;39m [36mc.s.H.controller.chartController        [0;39m [2m:[0;39m -- didLogin -- Wed Jun 17 16:44:49 KST 2020
[2m2020-06-17 16:49:28.412[0;39m [32m INFO[0;39m [35m12332[0;39m [2m---[0;39m [2m[io-9999-exec-10][0;39m [36mc.s.H.controller.chartController        [0;39m [2m:[0;39m -- didLogin -- Wed Jun 17 16:49:28 KST 2020
[2m2020-06-17 16:49:45.601[0;39m [32m INFO[0;39m [35m12332[0;39m [2m---[0;39m [2m[nio-9999-exec-6][0;39m [36mc.s.H.controller.chartController        [0;39m [2m:[0;39m -- retrieve chart -- Wed Jun 17 16:49:45 KST 2020
[2m2020-06-17 16:49:45.602[0;39m [32m INFO[0;39m [35m12332[0;39m [2m---[0;39m [2m[nio-9999-exec-6][0;39m [36mc.s.H.controller.chartController        [0;39m [2m:[0;39m -- retrieve chart -- date: 202007202007, type: 2
[2m2020-06-17 16:50:30.687[0;39m [32m INFO[0;39m [35m12332[0;39m [2m---[0;39m [2m[nio-9999-exec-4][0;39m [36mc.s.H.controller.chartController        [0;39m [2m:[0;39m -- didLogin -- Wed Jun 17 16:50:30 KST 2020
[2m2020-06-17 16:50:38.558[0;39m [32m INFO[0;39m [35m12332[0;39m [2m---[0;39m [2m[nio-9999-exec-6][0;39m [36mc.s.H.controller.chartController        [0;39m [2m:[0;39m -- retrieve chart -- Wed Jun 17 16:50:38 KST 2020
[2m2020-06-17 16:50:38.558[0;39m [32m INFO[0;39m [35m12332[0;39m [2m---[0;39m [2m[nio-9999-exec-6][0;39m [36mc.s.H.controller.chartController        [0;39m [2m:[0;39m -- retrieve chart -- date: 201906202007, type: 1
[2m2020-06-17 16:53:38.272[0;39m [32m INFO[0;39m [35m12332[0;39m [2m---[0;39m [2m[nio-9999-exec-5][0;39m [36mc.s.H.controller.chartController        [0;39m [2m:[0;39m -- didLogin -- Wed Jun 17 16:53:38 KST 2020
[2m2020-06-17 16:53:40.224[0;39m [32m INFO[0;39m [35m12332[0;39m [2m---[0;39m [2m[nio-9999-exec-4][0;39m [36mc.s.H.controller.chartController        [0;39m [2m:[0;39m -- didLogin -- Wed Jun 17 16:53:40 KST 2020
[2m2020-06-17 16:53:46.710[0;39m [32m INFO[0;39m [35m12332[0;39m [2m---[0;39m [2m[nio-9999-exec-5][0;39m [36mc.s.H.controller.chartController        [0;39m [2m:[0;39m -- didLogin -- Wed Jun 17 16:53:46 KST 2020
[2m2020-06-17 17:00:02.969[0;39m [32m INFO[0;39m [35m12332[0;39m [2m---[0;39m [2m[nio-9999-exec-7][0;39m [36mc.s.H.controller.chartController        [0;39m [2m:[0;39m -- didLogin -- Wed Jun 17 17:00:02 KST 2020
[2m2020-06-17 17:00:06.577[0;39m [32m INFO[0;39m [35m12332[0;39m [2m---[0;39m [2m[io-9999-exec-10][0;39m [36mc.s.H.controller.chartController        [0;39m [2m:[0;39m -- didLogin -- Wed Jun 17 17:00:06 KST 2020
[2m2020-06-17 17:00:11.513[0;39m [32m INFO[0;39m [35m12332[0;39m [2m---[0;39m [2m[nio-9999-exec-6][0;39m [36mc.s.H.controller.chartController        [0;39m [2m:[0;39m -- didLogin -- Wed Jun 17 17:00:11 KST 2020
[2m2020-06-17 17:00:12.749[0;39m [32m INFO[0;39m [35m12332[0;39m [2m---[0;39m [2m[nio-9999-exec-4][0;39m [36mc.s.H.controller.chartController        [0;39m [2m:[0;39m -- didLogin -- Wed Jun 17 17:00:12 KST 2020
[2m2020-06-17 17:00:35.070[0;39m [32m INFO[0;39m [35m12332[0;39m [2m---[0;39m [2m[nio-9999-exec-8][0;39m [36mc.s.H.controller.chartController        [0;39m [2m:[0;39m -- didLogin -- Wed Jun 17 17:00:35 KST 2020
[2m2020-06-17 17:03:37.192[0;39m [32m INFO[0;39m [35m12332[0;39m [2m---[0;39m [2m[nio-9999-exec-8][0;39m [36mc.s.H.controller.chartController        [0;39m [2m:[0;39m -- didLogin -- Wed Jun 17 17:03:37 KST 2020
[2m2020-06-17 17:03:37.344[0;39m [32mDEBUG[0;39m [35m12332[0;39m [2m---[0;39m [2m[nio-9999-exec-4][0;39m [36mc.s.HappyHouse.controller.QnAController [0;39m [2m:[0;39m retrieveQnA - 호출!!!!!!!!!!!!!!!
[2m2020-06-17 17:03:46.140[0;39m [32m INFO[0;39m [35m12332[0;39m [2m---[0;39m [2m[nio-9999-exec-3][0;39m [36mc.s.H.controller.chartController        [0;39m [2m:[0;39m -- didLogin -- Wed Jun 17 17:03:46 KST 2020
[2m2020-06-17 17:05:07.235[0;39m [32m INFO[0;39m [35m12332[0;39m [2m---[0;39m [2m[nio-9999-exec-6][0;39m [36mc.s.H.controller.chartController        [0;39m [2m:[0;39m -- didLogin -- Wed Jun 17 17:05:07 KST 2020
[2m2020-06-17 17:05:07.374[0;39m [32mDEBUG[0;39m [35m12332[0;39m [2m---[0;39m [2m[nio-9999-exec-7][0;39m [36mc.s.HappyHouse.controller.QnAController [0;39m [2m:[0;39m retrieveQnA - 호출!!!!!!!!!!!!!!!
[2m2020-06-17 17:05:08.523[0;39m [32m INFO[0;39m [35m12332[0;39m [2m---[0;39m [2m[nio-9999-exec-6][0;39m [36mc.s.H.controller.chartController        [0;39m [2m:[0;39m -- didLogin -- Wed Jun 17 17:05:08 KST 2020
[2m2020-06-17 17:05:38.955[0;39m [32m INFO[0;39m [35m12332[0;39m [2m---[0;39m [2m[io-9999-exec-10][0;39m [36mc.s.H.controller.chartController        [0;39m [2m:[0;39m -- didLogin -- Wed Jun 17 17:05:38 KST 2020
[2m2020-06-17 17:05:39.105[0;39m [32mDEBUG[0;39m [35m12332[0;39m [2m---[0;39m [2m[nio-9999-exec-2][0;39m [36mc.s.HappyHouse.controller.QnAController [0;39m [2m:[0;39m retrieveQnA - 호출!!!!!!!!!!!!!!!
[2m2020-06-17 17:05:41.413[0;39m [32mDEBUG[0;39m [35m12332[0;39m [2m---[0;39m [2m[nio-9999-exec-4][0;39m [36mc.s.HappyHouse.controller.QnAController [0;39m [2m:[0;39m selectOneQnA - 호출
[2m2020-06-17 17:05:48.787[0;39m [32mDEBUG[0;39m [35m12332[0;39m [2m---[0;39m [2m[nio-9999-exec-9][0;39m [36mc.s.HappyHouse.controller.QnAController [0;39m [2m:[0;39m retrieveQnA - 호출!!!!!!!!!!!!!!!
[2m2020-06-17 17:10:41.136[0;39m [32m INFO[0;39m [35m12332[0;39m [2m---[0;39m [2m[nio-9999-exec-7][0;39m [36mc.s.H.controller.chartController        [0;39m [2m:[0;39m -- didLogin -- Wed Jun 17 17:10:41 KST 2020
[2m2020-06-17 17:10:47.047[0;39m [32m INFO[0;39m [35m12332[0;39m [2m---[0;39m [2m[nio-9999-exec-2][0;39m [36mc.s.H.controller.chartController        [0;39m [2m:[0;39m -- didLogin -- Wed Jun 17 17:10:47 KST 2020
[2m2020-06-17 17:10:47.138[0;39m [32mDEBUG[0;39m [35m12332[0;39m [2m---[0;39m [2m[nio-9999-exec-8][0;39m [36mc.s.HappyHouse.controller.QnAController [0;39m [2m:[0;39m retrieveQnA - 호출!!!!!!!!!!!!!!!
[2m2020-06-17 17:15:15.374[0;39m [33m WARN[0;39m [35m12332[0;39m [2m---[0;39m [2m[nio-9999-exec-7][0;39m [36m.w.s.m.s.DefaultHandlerExceptionResolver[0;39m [2m:[0;39m Resolved [org.springframework.web.HttpRequestMethodNotSupportedException: Request method 'POST' not supported]
[2m2020-06-17 17:16:22.754[0;39m [32m INFO[0;39m [35m12332[0;39m [2m---[0;39m [2m[nio-9999-exec-3][0;39m [36mc.s.H.controller.chartController        [0;39m [2m:[0;39m -- didLogin -- Wed Jun 17 17:16:22 KST 2020
[2m2020-06-17 17:16:22.859[0;39m [32mDEBUG[0;39m [35m12332[0;39m [2m---[0;39m [2m[nio-9999-exec-6][0;39m [36mc.s.HappyHouse.controller.QnAController [0;39m [2m:[0;39m retrieveQnA - 호출!!!!!!!!!!!!!!!
[2m2020-06-17 17:16:30.445[0;39m [32mDEBUG[0;39m [35m12332[0;39m [2m---[0;39m [2m[nio-9999-exec-9][0;39m [36mc.s.HappyHouse.controller.QnAController [0;39m [2m:[0;39m selectOneQnA - 호출
[2m2020-06-17 17:16:34.997[0;39m [32mDEBUG[0;39m [35m12332[0;39m [2m---[0;39m [2m[nio-9999-exec-1][0;39m [36mc.s.HappyHouse.controller.QnAController [0;39m [2m:[0;39m retrieveQnA - 호출!!!!!!!!!!!!!!!
[2m2020-06-17 17:16:48.947[0;39m [32m INFO[0;39m [35m12332[0;39m [2m---[0;39m [2m[nio-9999-exec-8][0;39m [36mc.s.H.controller.chartController        [0;39m [2m:[0;39m -- didLogin -- Wed Jun 17 17:16:48 KST 2020
[2m2020-06-17 17:16:49.083[0;39m [32mDEBUG[0;39m [35m12332[0;39m [2m---[0;39m [2m[nio-9999-exec-5][0;39m [36mc.s.HappyHouse.controller.QnAController [0;39m [2m:[0;39m retrieveQnA - 호출!!!!!!!!!!!!!!!
[2m2020-06-17 17:16:51.059[0;39m [32m INFO[0;39m [35m12332[0;39m [2m---[0;39m [2m[nio-9999-exec-6][0;39m [36mc.s.H.controller.chartController        [0;39m [2m:[0;39m -- didLogin -- Wed Jun 17 17:16:51 KST 2020
[2m2020-06-17 17:16:58.975[0;39m [32m INFO[0;39m [35m12332[0;39m [2m---[0;39m [2m[nio-9999-exec-9][0;39m [36mc.s.H.controller.chartController        [0;39m [2m:[0;39m -- didLogin -- Wed Jun 17 17:16:58 KST 2020
[2m2020-06-17 17:16:59.033[0;39m [32mDEBUG[0;39m [35m12332[0;39m [2m---[0;39m [2m[nio-9999-exec-6][0;39m [36mc.s.HappyHouse.controller.QnAController [0;39m [2m:[0;39m retrieveQnA - 호출!!!!!!!!!!!!!!!
[2m2020-06-17 17:17:53.765[0;39m [32m INFO[0;39m [35m12332[0;39m [2m---[0;39m [2m[nio-9999-exec-7][0;39m [36mc.s.H.controller.chartController        [0;39m [2m:[0;39m -- didLogin -- Wed Jun 17 17:17:53 KST 2020
[2m2020-06-17 17:17:53.879[0;39m [32mDEBUG[0;39m [35m12332[0;39m [2m---[0;39m [2m[nio-9999-exec-1][0;39m [36mc.s.HappyHouse.controller.QnAController [0;39m [2m:[0;39m retrieveQnA - 호출!!!!!!!!!!!!!!!
[2m2020-06-17 17:17:58.669[0;39m [32m INFO[0;39m [35m12332[0;39m [2m---[0;39m [2m[io-9999-exec-10][0;39m [36mc.s.H.controller.chartController        [0;39m [2m:[0;39m -- didLogin -- Wed Jun 17 17:17:58 KST 2020
[2m2020-06-17 17:18:03.508[0;39m [32m INFO[0;39m [35m12332[0;39m [2m---[0;39m [2m[nio-9999-exec-2][0;39m [36mc.s.H.controller.chartController        [0;39m [2m:[0;39m -- logout -- Wed Jun 17 17:18:03 KST 2020
[2m2020-06-17 17:18:08.586[0;39m [32m INFO[0;39m [35m12332[0;39m [2m---[0;39m [2m[nio-9999-exec-7][0;39m [36mc.s.H.controller.chartController        [0;39m [2m:[0;39m -- didLogin -- Wed Jun 17 17:18:08 KST 2020
[2m2020-06-17 17:18:08.745[0;39m [32mDEBUG[0;39m [35m12332[0;39m [2m---[0;39m [2m[nio-9999-exec-6][0;39m [36mc.s.HappyHouse.controller.QnAController [0;39m [2m:[0;39m retrieveQnA - 호출!!!!!!!!!!!!!!!
[2m2020-06-17 17:18:09.792[0;39m [32m INFO[0;39m [35m12332[0;39m [2m---[0;39m [2m[nio-9999-exec-9][0;39m [36mc.s.H.controller.chartController        [0;39m [2m:[0;39m -- didLogin -- Wed Jun 17 17:18:09 KST 2020
[2m2020-06-17 17:29:03.721[0;39m [32m INFO[0;39m [35m12332[0;39m [2m---[0;39m [2m[       Thread-5][0;39m [36mo.s.s.concurrent.ThreadPoolTaskExecutor [0;39m [2m:[0;39m Shutting down ExecutorService 'applicationTaskExecutor'
[2m2020-06-17 17:29:07.901[0;39m [32m INFO[0;39m [35m12332[0;39m [2m---[0;39m [2m[  restartedMain][0;39m [36mtrationDelegate$BeanPostProcessorChecker[0;39m [2m:[0;39m Bean 'org.springframework.ws.config.annotation.DelegatingWsConfiguration' of type [org.springframework.ws.config.annotation.DelegatingWsConfiguration$$EnhancerBySpringCGLIB$$c922f7b4] is not eligible for getting processed by all BeanPostProcessors (for example: not eligible for auto-proxying)
[2m2020-06-17 17:29:07.929[0;39m [32m INFO[0;39m [35m12332[0;39m [2m---[0;39m [2m[  restartedMain][0;39m [36m.w.s.a.s.AnnotationActionEndpointMapping[0;39m [2m:[0;39m Supporting [WS-Addressing August 2004, WS-Addressing 1.0]
[2m2020-06-17 17:29:08.446[0;39m [32m INFO[0;39m [35m12332[0;39m [2m---[0;39m [2m[  restartedMain][0;39m [36mo.s.b.w.embedded.tomcat.TomcatWebServer [0;39m [2m:[0;39m Tomcat initialized with port(s): 9999 (http)
[2m2020-06-17 17:29:08.787[0;39m [32m INFO[0;39m [35m12332[0;39m [2m---[0;39m [2m[  restartedMain][0;39m [36mo.s.web.context.ContextLoader           [0;39m [2m:[0;39m Root WebApplicationContext: initialization completed in 2581 ms
[2m2020-06-17 17:29:10.047[0;39m [32m INFO[0;39m [35m12332[0;39m [2m---[0;39m [2m[  restartedMain][0;39m [36mo.s.s.concurrent.ThreadPoolTaskExecutor [0;39m [2m:[0;39m Initializing ExecutorService 'applicationTaskExecutor'
[2m2020-06-17 17:29:10.081[0;39m [32m INFO[0;39m [35m12332[0;39m [2m---[0;39m [2m[  restartedMain][0;39m [36mo.s.b.d.a.OptionalLiveReloadServer      [0;39m [2m:[0;39m LiveReload server is running on port 35729
[2m2020-06-17 17:29:10.095[0;39m [32m INFO[0;39m [35m12332[0;39m [2m---[0;39m [2m[  restartedMain][0;39m [36mo.s.b.a.w.s.WelcomePageHandlerMapping   [0;39m [2m:[0;39m Adding welcome page: class path resource [static/index.html]
[2m2020-06-17 17:29:10.553[0;39m [32m INFO[0;39m [35m12332[0;39m [2m---[0;39m [2m[  restartedMain][0;39m [36mo.s.b.w.embedded.tomcat.TomcatWebServer [0;39m [2m:[0;39m Tomcat started on port(s): 9999 (http) with context path '/happyhouse'
[2m2020-06-17 17:29:10.559[0;39m [32m INFO[0;39m [35m12332[0;39m [2m---[0;39m [2m[  restartedMain][0;39m [36m.ConditionEvaluationDeltaLoggingListener[0;39m [2m:[0;39m Condition evaluation unchanged
[2m2020-06-17 17:29:15.089[0;39m [32m INFO[0;39m [35m12332[0;39m [2m---[0;39m [2m[nio-9999-exec-1][0;39m [36mo.s.web.servlet.DispatcherServlet       [0;39m [2m:[0;39m Initializing Servlet 'dispatcherServlet'
[2m2020-06-17 17:29:15.096[0;39m [32m INFO[0;39m [35m12332[0;39m [2m---[0;39m [2m[nio-9999-exec-1][0;39m [36mo.s.web.servlet.DispatcherServlet       [0;39m [2m:[0;39m Completed initialization in 5 ms
[2m2020-06-17 17:39:53.661[0;39m [32m INFO[0;39m [35m12332[0;39m [2m---[0;39m [2m[       Thread-9][0;39m [36mo.s.s.concurrent.ThreadPoolTaskExecutor [0;39m [2m:[0;39m Shutting down ExecutorService 'applicationTaskExecutor'
[2m2020-06-17 17:39:55.288[0;39m [32m INFO[0;39m [35m12332[0;39m [2m---[0;39m [2m[  restartedMain][0;39m [36mtrationDelegate$BeanPostProcessorChecker[0;39m [2m:[0;39m Bean 'org.springframework.ws.config.annotation.DelegatingWsConfiguration' of type [org.springframework.ws.config.annotation.DelegatingWsConfiguration$$EnhancerBySpringCGLIB$$c922f7b4] is not eligible for getting processed by all BeanPostProcessors (for example: not eligible for auto-proxying)
[2m2020-06-17 17:39:55.293[0;39m [32m INFO[0;39m [35m12332[0;39m [2m---[0;39m [2m[  restartedMain][0;39m [36m.w.s.a.s.AnnotationActionEndpointMapping[0;39m [2m:[0;39m Supporting [WS-Addressing August 2004, WS-Addressing 1.0]
[2m2020-06-17 17:39:55.505[0;39m [32m INFO[0;39m [35m12332[0;39m [2m---[0;39m [2m[  restartedMain][0;39m [36mo.s.b.w.embedded.tomcat.TomcatWebServer [0;39m [2m:[0;39m Tomcat initialized with port(s): 9999 (http)
[2m2020-06-17 17:39:55.664[0;39m [32m INFO[0;39m [35m12332[0;39m [2m---[0;39m [2m[  restartedMain][0;39m [36mo.s.web.context.ContextLoader           [0;39m [2m:[0;39m Root WebApplicationContext: initialization completed in 1166 ms
[2m2020-06-17 17:39:56.270[0;39m [32m INFO[0;39m [35m12332[0;39m [2m---[0;39m [2m[  restartedMain][0;39m [36mo.s.s.concurrent.ThreadPoolTaskExecutor [0;39m [2m:[0;39m Initializing ExecutorService 'applicationTaskExecutor'
[2m2020-06-17 17:39:56.286[0;39m [32m INFO[0;39m [35m12332[0;39m [2m---[0;39m [2m[  restartedMain][0;39m [36mo.s.b.d.a.OptionalLiveReloadServer      [0;39m [2m:[0;39m LiveReload server is running on port 35729
[2m2020-06-17 17:39:56.296[0;39m [32m INFO[0;39m [35m12332[0;39m [2m---[0;39m [2m[  restartedMain][0;39m [36mo.s.b.a.w.s.WelcomePageHandlerMapping   [0;39m [2m:[0;39m Adding welcome page: class path resource [static/index.html]
[2m2020-06-17 17:39:56.629[0;39m [32m INFO[0;39m [35m12332[0;39m [2m---[0;39m [2m[  restartedMain][0;39m [36mo.s.b.w.embedded.tomcat.TomcatWebServer [0;39m [2m:[0;39m Tomcat started on port(s): 9999 (http) with context path '/happyhouse'
[2m2020-06-17 17:39:56.633[0;39m [32m INFO[0;39m [35m12332[0;39m [2m---[0;39m [2m[  restartedMain][0;39m [36m.ConditionEvaluationDeltaLoggingListener[0;39m [2m:[0;39m Condition evaluation unchanged
[2m2020-06-17 17:40:07.687[0;39m [32m INFO[0;39m [35m12332[0;39m [2m---[0;39m [2m[      Thread-14][0;39m [36mo.s.s.concurrent.ThreadPoolTaskExecutor [0;39m [2m:[0;39m Shutting down ExecutorService 'applicationTaskExecutor'
[2m2020-06-17 17:40:09.868[0;39m [32m INFO[0;39m [35m12332[0;39m [2m---[0;39m [2m[  restartedMain][0;39m [36mtrationDelegate$BeanPostProcessorChecker[0;39m [2m:[0;39m Bean 'org.springframework.ws.config.annotation.DelegatingWsConfiguration' of type [org.springframework.ws.config.annotation.DelegatingWsConfiguration$$EnhancerBySpringCGLIB$$c922f7b4] is not eligible for getting processed by all BeanPostProcessors (for example: not eligible for auto-proxying)
[2m2020-06-17 17:40:09.872[0;39m [32m INFO[0;39m [35m12332[0;39m [2m---[0;39m [2m[  restartedMain][0;39m [36m.w.s.a.s.AnnotationActionEndpointMapping[0;39m [2m:[0;39m Supporting [WS-Addressing August 2004, WS-Addressing 1.0]
[2m2020-06-17 17:40:10.126[0;39m [32m INFO[0;39m [35m12332[0;39m [2m---[0;39m [2m[  restartedMain][0;39m [36mo.s.b.w.embedded.tomcat.TomcatWebServer [0;39m [2m:[0;39m Tomcat initialized with port(s): 9999 (http)
[2m2020-06-17 17:40:10.264[0;39m [32m INFO[0;39m [35m12332[0;39m [2m---[0;39m [2m[  restartedMain][0;39m [36mo.s.web.context.ContextLoader           [0;39m [2m:[0;39m Root WebApplicationContext: initialization completed in 1249 ms
[2m2020-06-17 17:40:10.705[0;39m [32m INFO[0;39m [35m12332[0;39m [2m---[0;39m [2m[  restartedMain][0;39m [36mo.s.s.concurrent.ThreadPoolTaskExecutor [0;39m [2m:[0;39m Initializing ExecutorService 'applicationTaskExecutor'
[2m2020-06-17 17:40:10.718[0;39m [32m INFO[0;39m [35m12332[0;39m [2m---[0;39m [2m[  restartedMain][0;39m [36mo.s.b.d.a.OptionalLiveReloadServer      [0;39m [2m:[0;39m LiveReload server is running on port 35729
[2m2020-06-17 17:40:10.723[0;39m [32m INFO[0;39m [35m12332[0;39m [2m---[0;39m [2m[  restartedMain][0;39m [36mo.s.b.a.w.s.WelcomePageHandlerMapping   [0;39m [2m:[0;39m Adding welcome page: class path resource [static/index.html]
[2m2020-06-17 17:40:10.985[0;39m [32m INFO[0;39m [35m12332[0;39m [2m---[0;39m [2m[  restartedMain][0;39m [36mo.s.b.w.embedded.tomcat.TomcatWebServer [0;39m [2m:[0;39m Tomcat started on port(s): 9999 (http) with context path '/happyhouse'
[2m2020-06-17 17:40:10.989[0;39m [32m INFO[0;39m [35m12332[0;39m [2m---[0;39m [2m[  restartedMain][0;39m [36m.ConditionEvaluationDeltaLoggingListener[0;39m [2m:[0;39m Condition evaluation unchanged
[2m2020-06-17 17:40:14.649[0;39m [32m INFO[0;39m [35m12332[0;39m [2m---[0;39m [2m[nio-9999-exec-1][0;39m [36mo.s.web.servlet.DispatcherServlet       [0;39m [2m:[0;39m Initializing Servlet 'dispatcherServlet'
[2m2020-06-17 17:40:14.656[0;39m [32m INFO[0;39m [35m12332[0;39m [2m---[0;39m [2m[nio-9999-exec-1][0;39m [36mo.s.web.servlet.DispatcherServlet       [0;39m [2m:[0;39m Completed initialization in 5 ms
[2m2020-06-17 17:41:42.895[0;39m [32m INFO[0;39m [35m12332[0;39m [2m---[0;39m [2m[      Thread-19][0;39m [36mo.s.s.concurrent.ThreadPoolTaskExecutor [0;39m [2m:[0;39m Shutting down ExecutorService 'applicationTaskExecutor'
[2m2020-06-17 17:41:44.913[0;39m [32m INFO[0;39m [35m12332[0;39m [2m---[0;39m [2m[  restartedMain][0;39m [36mtrationDelegate$BeanPostProcessorChecker[0;39m [2m:[0;39m Bean 'org.springframework.ws.config.annotation.DelegatingWsConfiguration' of type [org.springframework.ws.config.annotation.DelegatingWsConfiguration$$EnhancerBySpringCGLIB$$c922f7b4] is not eligible for getting processed by all BeanPostProcessors (for example: not eligible for auto-proxying)
[2m2020-06-17 17:41:44.916[0;39m [32m INFO[0;39m [35m12332[0;39m [2m---[0;39m [2m[  restartedMain][0;39m [36m.w.s.a.s.AnnotationActionEndpointMapping[0;39m [2m:[0;39m Supporting [WS-Addressing August 2004, WS-Addressing 1.0]
[2m2020-06-17 17:41:45.165[0;39m [32m INFO[0;39m [35m12332[0;39m [2m---[0;39m [2m[  restartedMain][0;39m [36mo.s.b.w.embedded.tomcat.TomcatWebServer [0;39m [2m:[0;39m Tomcat initialized with port(s): 9999 (http)
[2m2020-06-17 17:41:45.343[0;39m [32m INFO[0;39m [35m12332[0;39m [2m---[0;39m [2m[  restartedMain][0;39m [36mo.s.web.context.ContextLoader           [0;39m [2m:[0;39m Root WebApplicationContext: initialization completed in 1444 ms
[2m2020-06-17 17:41:45.866[0;39m [32m INFO[0;39m [35m12332[0;39m [2m---[0;39m [2m[  restartedMain][0;39m [36mo.s.s.concurrent.ThreadPoolTaskExecutor [0;39m [2m:[0;39m Initializing ExecutorService 'applicationTaskExecutor'
[2m2020-06-17 17:41:45.877[0;39m [32m INFO[0;39m [35m12332[0;39m [2m---[0;39m [2m[  restartedMain][0;39m [36mo.s.b.d.a.OptionalLiveReloadServer      [0;39m [2m:[0;39m LiveReload server is running on port 35729
[2m2020-06-17 17:41:45.887[0;39m [32m INFO[0;39m [35m12332[0;39m [2m---[0;39m [2m[  restartedMain][0;39m [36mo.s.b.a.w.s.WelcomePageHandlerMapping   [0;39m [2m:[0;39m Adding welcome page: class path resource [static/index.html]
[2m2020-06-17 17:41:46.148[0;39m [32m INFO[0;39m [35m12332[0;39m [2m---[0;39m [2m[  restartedMain][0;39m [36mo.s.b.w.embedded.tomcat.TomcatWebServer [0;39m [2m:[0;39m Tomcat started on port(s): 9999 (http) with context path '/happyhouse'
[2m2020-06-17 17:41:46.151[0;39m [32m INFO[0;39m [35m12332[0;39m [2m---[0;39m [2m[  restartedMain][0;39m [36m.ConditionEvaluationDeltaLoggingListener[0;39m [2m:[0;39m Condition evaluation unchanged
[2m2020-06-17 17:41:46.242[0;39m [32m INFO[0;39m [35m12332[0;39m [2m---[0;39m [2m[nio-9999-exec-1][0;39m [36mo.s.web.servlet.DispatcherServlet       [0;39m [2m:[0;39m Initializing Servlet 'dispatcherServlet'
[2m2020-06-17 17:41:46.248[0;39m [32m INFO[0;39m [35m12332[0;39m [2m---[0;39m [2m[nio-9999-exec-1][0;39m [36mo.s.web.servlet.DispatcherServlet       [0;39m [2m:[0;39m Completed initialization in 5 ms
[2m2020-06-17 17:42:37.578[0;39m [32m INFO[0;39m [35m12332[0;39m [2m---[0;39m [2m[      Thread-24][0;39m [36mo.s.s.concurrent.ThreadPoolTaskExecutor [0;39m [2m:[0;39m Shutting down ExecutorService 'applicationTaskExecutor'
[2m2020-06-17 17:42:39.357[0;39m [32m INFO[0;39m [35m12332[0;39m [2m---[0;39m [2m[  restartedMain][0;39m [36mtrationDelegate$BeanPostProcessorChecker[0;39m [2m:[0;39m Bean 'org.springframework.ws.config.annotation.DelegatingWsConfiguration' of type [org.springframework.ws.config.annotation.DelegatingWsConfiguration$$EnhancerBySpringCGLIB$$c922f7b4] is not eligible for getting processed by all BeanPostProcessors (for example: not eligible for auto-proxying)
[2m2020-06-17 17:42:39.358[0;39m [32m INFO[0;39m [35m12332[0;39m [2m---[0;39m [2m[  restartedMain][0;39m [36m.w.s.a.s.AnnotationActionEndpointMapping[0;39m [2m:[0;39m Supporting [WS-Addressing August 2004, WS-Addressing 1.0]
[2m2020-06-17 17:42:39.587[0;39m [32m INFO[0;39m [35m12332[0;39m [2m---[0;39m [2m[  restartedMain][0;39m [36mo.s.b.w.embedded.tomcat.TomcatWebServer [0;39m [2m:[0;39m Tomcat initialized with port(s): 9999 (http)
[2m2020-06-17 17:42:39.738[0;39m [32m INFO[0;39m [35m12332[0;39m [2m---[0;39m [2m[  restartedMain][0;39m [36mo.s.web.context.ContextLoader           [0;39m [2m:[0;39m Root WebApplicationContext: initialization completed in 1397 ms
[2m2020-06-17 17:42:40.291[0;39m [32m INFO[0;39m [35m12332[0;39m [2m---[0;39m [2m[  restartedMain][0;39m [36mo.s.s.concurrent.ThreadPoolTaskExecutor [0;39m [2m:[0;39m Initializing ExecutorService 'applicationTaskExecutor'
[2m2020-06-17 17:42:40.307[0;39m [32m INFO[0;39m [35m12332[0;39m [2m---[0;39m [2m[  restartedMain][0;39m [36mo.s.b.d.a.OptionalLiveReloadServer      [0;39m [2m:[0;39m LiveReload server is running on port 35729
[2m2020-06-17 17:42:40.317[0;39m [32m INFO[0;39m [35m12332[0;39m [2m---[0;39m [2m[  restartedMain][0;39m [36mo.s.b.a.w.s.WelcomePageHandlerMapping   [0;39m [2m:[0;39m Adding welcome page: class path resource [static/index.html]
[2m2020-06-17 17:42:40.694[0;39m [32m INFO[0;39m [35m12332[0;39m [2m---[0;39m [2m[  restartedMain][0;39m [36mo.s.b.w.embedded.tomcat.TomcatWebServer [0;39m [2m:[0;39m Tomcat started on port(s): 9999 (http) with context path '/happyhouse'
[2m2020-06-17 17:42:40.697[0;39m [32m INFO[0;39m [35m12332[0;39m [2m---[0;39m [2m[  restartedMain][0;39m [36m.ConditionEvaluationDeltaLoggingListener[0;39m [2m:[0;39m Condition evaluation unchanged
[2m2020-06-17 17:42:43.177[0;39m [32m INFO[0;39m [35m12332[0;39m [2m---[0;39m [2m[      Thread-29][0;39m [36mo.s.s.concurrent.ThreadPoolTaskExecutor [0;39m [2m:[0;39m Shutting down ExecutorService 'applicationTaskExecutor'
[2m2020-06-17 17:42:44.812[0;39m [32m INFO[0;39m [35m12332[0;39m [2m---[0;39m [2m[  restartedMain][0;39m [36mtrationDelegate$BeanPostProcessorChecker[0;39m [2m:[0;39m Bean 'org.springframework.ws.config.annotation.DelegatingWsConfiguration' of type [org.springframework.ws.config.annotation.DelegatingWsConfiguration$$EnhancerBySpringCGLIB$$c922f7b4] is not eligible for getting processed by all BeanPostProcessors (for example: not eligible for auto-proxying)
[2m2020-06-17 17:42:44.814[0;39m [32m INFO[0;39m [35m12332[0;39m [2m---[0;39m [2m[  restartedMain][0;39m [36m.w.s.a.s.AnnotationActionEndpointMapping[0;39m [2m:[0;39m Supporting [WS-Addressing August 2004, WS-Addressing 1.0]
[2m2020-06-17 17:42:45.050[0;39m [32m INFO[0;39m [35m12332[0;39m [2m---[0;39m [2m[  restartedMain][0;39m [36mo.s.b.w.embedded.tomcat.TomcatWebServer [0;39m [2m:[0;39m Tomcat initialized with port(s): 9999 (http)
[2m2020-06-17 17:42:45.266[0;39m [32m INFO[0;39m [35m12332[0;39m [2m---[0;39m [2m[  restartedMain][0;39m [36mo.s.web.context.ContextLoader           [0;39m [2m:[0;39m Root WebApplicationContext: initialization completed in 1436 ms
[2m2020-06-17 17:42:45.682[0;39m [32m INFO[0;39m [35m12332[0;39m [2m---[0;39m [2m[  restartedMain][0;39m [36mo.s.s.concurrent.ThreadPoolTaskExecutor [0;39m [2m:[0;39m Initializing ExecutorService 'applicationTaskExecutor'
[2m2020-06-17 17:42:45.692[0;39m [32m INFO[0;39m [35m12332[0;39m [2m---[0;39m [2m[  restartedMain][0;39m [36mo.s.b.d.a.OptionalLiveReloadServer      [0;39m [2m:[0;39m LiveReload server is running on port 35729
[2m2020-06-17 17:42:45.697[0;39m [32m INFO[0;39m [35m12332[0;39m [2m---[0;39m [2m[  restartedMain][0;39m [36mo.s.b.a.w.s.WelcomePageHandlerMapping   [0;39m [2m:[0;39m Adding welcome page: class path resource [static/index.html]
[2m2020-06-17 17:42:45.938[0;39m [32m INFO[0;39m [35m12332[0;39m [2m---[0;39m [2m[  restartedMain][0;39m [36mo.s.b.w.embedded.tomcat.TomcatWebServer [0;39m [2m:[0;39m Tomcat started on port(s): 9999 (http) with context path '/happyhouse'
[2m2020-06-17 17:42:45.945[0;39m [32m INFO[0;39m [35m12332[0;39m [2m---[0;39m [2m[  restartedMain][0;39m [36m.ConditionEvaluationDeltaLoggingListener[0;39m [2m:[0;39m Condition evaluation unchanged
[2m2020-06-17 17:43:04.309[0;39m [32m INFO[0;39m [35m12332[0;39m [2m---[0;39m [2m[      Thread-34][0;39m [36mo.s.s.concurrent.ThreadPoolTaskExecutor [0;39m [2m:[0;39m Shutting down ExecutorService 'applicationTaskExecutor'
[2m2020-06-17 17:43:05.653[0;39m [32m INFO[0;39m [35m12332[0;39m [2m---[0;39m [2m[  restartedMain][0;39m [36mtrationDelegate$BeanPostProcessorChecker[0;39m [2m:[0;39m Bean 'org.springframework.ws.config.annotation.DelegatingWsConfiguration' of type [org.springframework.ws.config.annotation.DelegatingWsConfiguration$$EnhancerBySpringCGLIB$$c922f7b4] is not eligible for getting processed by all BeanPostProcessors (for example: not eligible for auto-proxying)
[2m2020-06-17 17:43:05.655[0;39m [32m INFO[0;39m [35m12332[0;39m [2m---[0;39m [2m[  restartedMain][0;39m [36m.w.s.a.s.AnnotationActionEndpointMapping[0;39m [2m:[0;39m Supporting [WS-Addressing August 2004, WS-Addressing 1.0]
[2m2020-06-17 17:43:05.820[0;39m [32m INFO[0;39m [35m12332[0;39m [2m---[0;39m [2m[  restartedMain][0;39m [36mo.s.b.w.embedded.tomcat.TomcatWebServer [0;39m [2m:[0;39m Tomcat initialized with port(s): 9999 (http)
[2m2020-06-17 17:43:05.951[0;39m [32m INFO[0;39m [35m12332[0;39m [2m---[0;39m [2m[  restartedMain][0;39m [36mo.s.web.context.ContextLoader           [0;39m [2m:[0;39m Root WebApplicationContext: initialization completed in 958 ms
[2m2020-06-17 17:43:06.475[0;39m [32m INFO[0;39m [35m12332[0;39m [2m---[0;39m [2m[  restartedMain][0;39m [36mo.s.s.concurrent.ThreadPoolTaskExecutor [0;39m [2m:[0;39m Initializing ExecutorService 'applicationTaskExecutor'
[2m2020-06-17 17:43:06.489[0;39m [32m INFO[0;39m [35m12332[0;39m [2m---[0;39m [2m[  restartedMain][0;39m [36mo.s.b.d.a.OptionalLiveReloadServer      [0;39m [2m:[0;39m LiveReload server is running on port 35729
[2m2020-06-17 17:43:06.497[0;39m [32m INFO[0;39m [35m12332[0;39m [2m---[0;39m [2m[  restartedMain][0;39m [36mo.s.b.a.w.s.WelcomePageHandlerMapping   [0;39m [2m:[0;39m Adding welcome page: class path resource [static/index.html]
[2m2020-06-17 17:43:06.766[0;39m [32m INFO[0;39m [35m12332[0;39m [2m---[0;39m [2m[  restartedMain][0;39m [36mo.s.b.w.embedded.tomcat.TomcatWebServer [0;39m [2m:[0;39m Tomcat started on port(s): 9999 (http) with context path '/happyhouse'
[2m2020-06-17 17:43:06.773[0;39m [32m INFO[0;39m [35m12332[0;39m [2m---[0;39m [2m[  restartedMain][0;39m [36m.ConditionEvaluationDeltaLoggingListener[0;39m [2m:[0;39m Condition evaluation unchanged
[2m2020-06-17 17:45:04.561[0;39m [32m INFO[0;39m [35m12332[0;39m [2m---[0;39m [2m[      Thread-39][0;39m [36mo.s.s.concurrent.ThreadPoolTaskExecutor [0;39m [2m:[0;39m Shutting down ExecutorService 'applicationTaskExecutor'
[2m2020-06-17 17:45:05.948[0;39m [32m INFO[0;39m [35m12332[0;39m [2m---[0;39m [2m[  restartedMain][0;39m [36mtrationDelegate$BeanPostProcessorChecker[0;39m [2m:[0;39m Bean 'org.springframework.ws.config.annotation.DelegatingWsConfiguration' of type [org.springframework.ws.config.annotation.DelegatingWsConfiguration$$EnhancerBySpringCGLIB$$c922f7b4] is not eligible for getting processed by all BeanPostProcessors (for example: not eligible for auto-proxying)
[2m2020-06-17 17:45:05.950[0;39m [32m INFO[0;39m [35m12332[0;39m [2m---[0;39m [2m[  restartedMain][0;39m [36m.w.s.a.s.AnnotationActionEndpointMapping[0;39m [2m:[0;39m Supporting [WS-Addressing August 2004, WS-Addressing 1.0]
[2m2020-06-17 17:45:06.123[0;39m [32m INFO[0;39m [35m12332[0;39m [2m---[0;39m [2m[  restartedMain][0;39m [36mo.s.b.w.embedded.tomcat.TomcatWebServer [0;39m [2m:[0;39m Tomcat initialized with port(s): 9999 (http)
[2m2020-06-17 17:45:06.249[0;39m [32m INFO[0;39m [35m12332[0;39m [2m---[0;39m [2m[  restartedMain][0;39m [36mo.s.web.context.ContextLoader           [0;39m [2m:[0;39m Root WebApplicationContext: initialization completed in 1004 ms
[2m2020-06-17 17:45:06.686[0;39m [32m INFO[0;39m [35m12332[0;39m [2m---[0;39m [2m[  restartedMain][0;39m [36mo.s.s.concurrent.ThreadPoolTaskExecutor [0;39m [2m:[0;39m Initializing ExecutorService 'applicationTaskExecutor'
[2m2020-06-17 17:45:06.699[0;39m [32m INFO[0;39m [35m12332[0;39m [2m---[0;39m [2m[  restartedMain][0;39m [36mo.s.b.d.a.OptionalLiveReloadServer      [0;39m [2m:[0;39m LiveReload server is running on port 35729
[2m2020-06-17 17:45:06.708[0;39m [32m INFO[0;39m [35m12332[0;39m [2m---[0;39m [2m[  restartedMain][0;39m [36mo.s.b.a.w.s.WelcomePageHandlerMapping   [0;39m [2m:[0;39m Adding welcome page: class path resource [static/index.html]
[2m2020-06-17 17:45:06.908[0;39m [32m INFO[0;39m [35m12332[0;39m [2m---[0;39m [2m[  restartedMain][0;39m [36mo.s.b.w.embedded.tomcat.TomcatWebServer [0;39m [2m:[0;39m Tomcat started on port(s): 9999 (http) with context path '/happyhouse'
[2m2020-06-17 17:45:06.911[0;39m [32m INFO[0;39m [35m12332[0;39m [2m---[0;39m [2m[  restartedMain][0;39m [36m.ConditionEvaluationDeltaLoggingListener[0;39m [2m:[0;39m Condition evaluation unchanged
[2m2020-06-17 17:45:09.445[0;39m [32m INFO[0;39m [35m12332[0;39m [2m---[0;39m [2m[      Thread-44][0;39m [36mo.s.s.concurrent.ThreadPoolTaskExecutor [0;39m [2m:[0;39m Shutting down ExecutorService 'applicationTaskExecutor'
[2m2020-06-17 17:45:11.207[0;39m [32m INFO[0;39m [35m12332[0;39m [2m---[0;39m [2m[  restartedMain][0;39m [36mtrationDelegate$BeanPostProcessorChecker[0;39m [2m:[0;39m Bean 'org.springframework.ws.config.annotation.DelegatingWsConfiguration' of type [org.springframework.ws.config.annotation.DelegatingWsConfiguration$$EnhancerBySpringCGLIB$$c922f7b4] is not eligible for getting processed by all BeanPostProcessors (for example: not eligible for auto-proxying)
[2m2020-06-17 17:45:11.208[0;39m [32m INFO[0;39m [35m12332[0;39m [2m---[0;39m [2m[  restartedMain][0;39m [36m.w.s.a.s.AnnotationActionEndpointMapping[0;39m [2m:[0;39m Supporting [WS-Addressing August 2004, WS-Addressing 1.0]
[2m2020-06-17 17:45:11.364[0;39m [32m INFO[0;39m [35m12332[0;39m [2m---[0;39m [2m[  restartedMain][0;39m [36mo.s.b.w.embedded.tomcat.TomcatWebServer [0;39m [2m:[0;39m Tomcat initialized with port(s): 9999 (http)
[2m2020-06-17 17:45:11.504[0;39m [32m INFO[0;39m [35m12332[0;39m [2m---[0;39m [2m[  restartedMain][0;39m [36mo.s.web.context.ContextLoader           [0;39m [2m:[0;39m Root WebApplicationContext: initialization completed in 1155 ms
[2m2020-06-17 17:45:11.930[0;39m [32m INFO[0;39m [35m12332[0;39m [2m---[0;39m [2m[  restartedMain][0;39m [36mo.s.s.concurrent.ThreadPoolTaskExecutor [0;39m [2m:[0;39m Initializing ExecutorService 'applicationTaskExecutor'
[2m2020-06-17 17:45:11.940[0;39m [32m INFO[0;39m [35m12332[0;39m [2m---[0;39m [2m[  restartedMain][0;39m [36mo.s.b.d.a.OptionalLiveReloadServer      [0;39m [2m:[0;39m LiveReload server is running on port 35729
[2m2020-06-17 17:45:11.946[0;39m [32m INFO[0;39m [35m12332[0;39m [2m---[0;39m [2m[  restartedMain][0;39m [36mo.s.b.a.w.s.WelcomePageHandlerMapping   [0;39m [2m:[0;39m Adding welcome page: class path resource [static/index.html]
[2m2020-06-17 17:45:12.158[0;39m [32m INFO[0;39m [35m12332[0;39m [2m---[0;39m [2m[  restartedMain][0;39m [36mo.s.b.w.embedded.tomcat.TomcatWebServer [0;39m [2m:[0;39m Tomcat started on port(s): 9999 (http) with context path '/happyhouse'
[2m2020-06-17 17:45:12.161[0;39m [32m INFO[0;39m [35m12332[0;39m [2m---[0;39m [2m[  restartedMain][0;39m [36m.ConditionEvaluationDeltaLoggingListener[0;39m [2m:[0;39m Condition evaluation unchanged
[2m2020-06-17 17:45:20.001[0;39m [32m INFO[0;39m [35m12332[0;39m [2m---[0;39m [2m[      Thread-49][0;39m [36mo.s.s.concurrent.ThreadPoolTaskExecutor [0;39m [2m:[0;39m Shutting down ExecutorService 'applicationTaskExecutor'
[2m2020-06-17 17:45:21.493[0;39m [32m INFO[0;39m [35m12332[0;39m [2m---[0;39m [2m[  restartedMain][0;39m [36mtrationDelegate$BeanPostProcessorChecker[0;39m [2m:[0;39m Bean 'org.springframework.ws.config.annotation.DelegatingWsConfiguration' of type [org.springframework.ws.config.annotation.DelegatingWsConfiguration$$EnhancerBySpringCGLIB$$c922f7b4] is not eligible for getting processed by all BeanPostProcessors (for example: not eligible for auto-proxying)
[2m2020-06-17 17:45:21.496[0;39m [32m INFO[0;39m [35m12332[0;39m [2m---[0;39m [2m[  restartedMain][0;39m [36m.w.s.a.s.AnnotationActionEndpointMapping[0;39m [2m:[0;39m Supporting [WS-Addressing August 2004, WS-Addressing 1.0]
[2m2020-06-17 17:45:21.698[0;39m [32m INFO[0;39m [35m12332[0;39m [2m---[0;39m [2m[  restartedMain][0;39m [36mo.s.b.w.embedded.tomcat.TomcatWebServer [0;39m [2m:[0;39m Tomcat initialized with port(s): 9999 (http)
[2m2020-06-17 17:45:21.864[0;39m [32m INFO[0;39m [35m12332[0;39m [2m---[0;39m [2m[  restartedMain][0;39m [36mo.s.web.context.ContextLoader           [0;39m [2m:[0;39m Root WebApplicationContext: initialization completed in 1109 ms
[2m2020-06-17 17:45:22.250[0;39m [32m INFO[0;39m [35m12332[0;39m [2m---[0;39m [2m[  restartedMain][0;39m [36mo.s.s.concurrent.ThreadPoolTaskExecutor [0;39m [2m:[0;39m Initializing ExecutorService 'applicationTaskExecutor'
[2m2020-06-17 17:45:22.263[0;39m [32m INFO[0;39m [35m12332[0;39m [2m---[0;39m [2m[  restartedMain][0;39m [36mo.s.b.d.a.OptionalLiveReloadServer      [0;39m [2m:[0;39m LiveReload server is running on port 35729
[2m2020-06-17 17:45:22.268[0;39m [32m INFO[0;39m [35m12332[0;39m [2m---[0;39m [2m[  restartedMain][0;39m [36mo.s.b.a.w.s.WelcomePageHandlerMapping   [0;39m [2m:[0;39m Adding welcome page: class path resource [static/index.html]
[2m2020-06-17 17:45:22.481[0;39m [32m INFO[0;39m [35m12332[0;39m [2m---[0;39m [2m[  restartedMain][0;39m [36mo.s.b.w.embedded.tomcat.TomcatWebServer [0;39m [2m:[0;39m Tomcat started on port(s): 9999 (http) with context path '/happyhouse'
[2m2020-06-17 17:45:22.484[0;39m [32m INFO[0;39m [35m12332[0;39m [2m---[0;39m [2m[  restartedMain][0;39m [36m.ConditionEvaluationDeltaLoggingListener[0;39m [2m:[0;39m Condition evaluation unchanged
[2m2020-06-17 17:45:24.978[0;39m [32m INFO[0;39m [35m12332[0;39m [2m---[0;39m [2m[      Thread-54][0;39m [36mo.s.s.concurrent.ThreadPoolTaskExecutor [0;39m [2m:[0;39m Shutting down ExecutorService 'applicationTaskExecutor'
[2m2020-06-17 17:45:26.445[0;39m [32m INFO[0;39m [35m12332[0;39m [2m---[0;39m [2m[  restartedMain][0;39m [36mtrationDelegate$BeanPostProcessorChecker[0;39m [2m:[0;39m Bean 'org.springframework.ws.config.annotation.DelegatingWsConfiguration' of type [org.springframework.ws.config.annotation.DelegatingWsConfiguration$$EnhancerBySpringCGLIB$$c922f7b4] is not eligible for getting processed by all BeanPostProcessors (for example: not eligible for auto-proxying)
[2m2020-06-17 17:45:26.447[0;39m [32m INFO[0;39m [35m12332[0;39m [2m---[0;39m [2m[  restartedMain][0;39m [36m.w.s.a.s.AnnotationActionEndpointMapping[0;39m [2m:[0;39m Supporting [WS-Addressing August 2004, WS-Addressing 1.0]
[2m2020-06-17 17:45:26.656[0;39m [32m INFO[0;39m [35m12332[0;39m [2m---[0;39m [2m[  restartedMain][0;39m [36mo.s.b.w.embedded.tomcat.TomcatWebServer [0;39m [2m:[0;39m Tomcat initialized with port(s): 9999 (http)
[2m2020-06-17 17:45:26.804[0;39m [32m INFO[0;39m [35m12332[0;39m [2m---[0;39m [2m[  restartedMain][0;39m [36mo.s.web.context.ContextLoader           [0;39m [2m:[0;39m Root WebApplicationContext: initialization completed in 1145 ms
[2m2020-06-17 17:45:27.200[0;39m [32m INFO[0;39m [35m12332[0;39m [2m---[0;39m [2m[  restartedMain][0;39m [36mo.s.s.concurrent.ThreadPoolTaskExecutor [0;39m [2m:[0;39m Initializing ExecutorService 'applicationTaskExecutor'
[2m2020-06-17 17:45:27.212[0;39m [32m INFO[0;39m [35m12332[0;39m [2m---[0;39m [2m[  restartedMain][0;39m [36mo.s.b.d.a.OptionalLiveReloadServer      [0;39m [2m:[0;39m LiveReload server is running on port 35729
[2m2020-06-17 17:45:27.221[0;39m [32m INFO[0;39m [35m12332[0;39m [2m---[0;39m [2m[  restartedMain][0;39m [36mo.s.b.a.w.s.WelcomePageHandlerMapping   [0;39m [2m:[0;39m Adding welcome page: class path resource [static/index.html]
[2m2020-06-17 17:45:27.413[0;39m [32m INFO[0;39m [35m12332[0;39m [2m---[0;39m [2m[  restartedMain][0;39m [36mo.s.b.w.embedded.tomcat.TomcatWebServer [0;39m [2m:[0;39m Tomcat started on port(s): 9999 (http) with context path '/happyhouse'
[2m2020-06-17 17:45:27.415[0;39m [32m INFO[0;39m [35m12332[0;39m [2m---[0;39m [2m[  restartedMain][0;39m [36m.ConditionEvaluationDeltaLoggingListener[0;39m [2m:[0;39m Condition evaluation unchanged
[2m2020-06-17 17:45:37.310[0;39m [32m INFO[0;39m [35m12332[0;39m [2m---[0;39m [2m[      Thread-59][0;39m [36mo.s.s.concurrent.ThreadPoolTaskExecutor [0;39m [2m:[0;39m Shutting down ExecutorService 'applicationTaskExecutor'
[2m2020-06-17 17:45:38.692[0;39m [32m INFO[0;39m [35m12332[0;39m [2m---[0;39m [2m[  restartedMain][0;39m [36mtrationDelegate$BeanPostProcessorChecker[0;39m [2m:[0;39m Bean 'org.springframework.ws.config.annotation.DelegatingWsConfiguration' of type [org.springframework.ws.config.annotation.DelegatingWsConfiguration$$EnhancerBySpringCGLIB$$c922f7b4] is not eligible for getting processed by all BeanPostProcessors (for example: not eligible for auto-proxying)
[2m2020-06-17 17:45:38.693[0;39m [32m INFO[0;39m [35m12332[0;39m [2m---[0;39m [2m[  restartedMain][0;39m [36m.w.s.a.s.AnnotationActionEndpointMapping[0;39m [2m:[0;39m Supporting [WS-Addressing August 2004, WS-Addressing 1.0]
[2m2020-06-17 17:45:38.875[0;39m [32m INFO[0;39m [35m12332[0;39m [2m---[0;39m [2m[  restartedMain][0;39m [36mo.s.b.w.embedded.tomcat.TomcatWebServer [0;39m [2m:[0;39m Tomcat initialized with port(s): 9999 (http)
[2m2020-06-17 17:45:39.004[0;39m [32m INFO[0;39m [35m12332[0;39m [2m---[0;39m [2m[  restartedMain][0;39m [36mo.s.web.context.ContextLoader           [0;39m [2m:[0;39m Root WebApplicationContext: initialization completed in 982 ms
[2m2020-06-17 17:45:39.394[0;39m [32m INFO[0;39m [35m12332[0;39m [2m---[0;39m [2m[  restartedMain][0;39m [36mo.s.s.concurrent.ThreadPoolTaskExecutor [0;39m [2m:[0;39m Initializing ExecutorService 'applicationTaskExecutor'
[2m2020-06-17 17:45:39.407[0;39m [32m INFO[0;39m [35m12332[0;39m [2m---[0;39m [2m[  restartedMain][0;39m [36mo.s.b.d.a.OptionalLiveReloadServer      [0;39m [2m:[0;39m LiveReload server is running on port 35729
[2m2020-06-17 17:45:39.412[0;39m [32m INFO[0;39m [35m12332[0;39m [2m---[0;39m [2m[  restartedMain][0;39m [36mo.s.b.a.w.s.WelcomePageHandlerMapping   [0;39m [2m:[0;39m Adding welcome page: class path resource [static/index.html]
[2m2020-06-17 17:45:39.632[0;39m [32m INFO[0;39m [35m12332[0;39m [2m---[0;39m [2m[  restartedMain][0;39m [36mo.s.b.w.embedded.tomcat.TomcatWebServer [0;39m [2m:[0;39m Tomcat started on port(s): 9999 (http) with context path '/happyhouse'
[2m2020-06-17 17:45:39.636[0;39m [32m INFO[0;39m [35m12332[0;39m [2m---[0;39m [2m[  restartedMain][0;39m [36m.ConditionEvaluationDeltaLoggingListener[0;39m [2m:[0;39m Condition evaluation unchanged
[2m2020-06-17 17:45:57.490[0;39m [32m INFO[0;39m [35m12332[0;39m [2m---[0;39m [2m[      Thread-64][0;39m [36mo.s.s.concurrent.ThreadPoolTaskExecutor [0;39m [2m:[0;39m Shutting down ExecutorService 'applicationTaskExecutor'
[2m2020-06-17 17:45:59.245[0;39m [32m INFO[0;39m [35m12332[0;39m [2m---[0;39m [2m[  restartedMain][0;39m [36mtrationDelegate$BeanPostProcessorChecker[0;39m [2m:[0;39m Bean 'org.springframework.ws.config.annotation.DelegatingWsConfiguration' of type [org.springframework.ws.config.annotation.DelegatingWsConfiguration$$EnhancerBySpringCGLIB$$c922f7b4] is not eligible for getting processed by all BeanPostProcessors (for example: not eligible for auto-proxying)
[2m2020-06-17 17:45:59.247[0;39m [32m INFO[0;39m [35m12332[0;39m [2m---[0;39m [2m[  restartedMain][0;39m [36m.w.s.a.s.AnnotationActionEndpointMapping[0;39m [2m:[0;39m Supporting [WS-Addressing August 2004, WS-Addressing 1.0]
[2m2020-06-17 17:45:59.532[0;39m [32m INFO[0;39m [35m12332[0;39m [2m---[0;39m [2m[  restartedMain][0;39m [36mo.s.b.w.embedded.tomcat.TomcatWebServer [0;39m [2m:[0;39m Tomcat initialized with port(s): 9999 (http)
[2m2020-06-17 17:45:59.739[0;39m [32m INFO[0;39m [35m12332[0;39m [2m---[0;39m [2m[  restartedMain][0;39m [36mo.s.web.context.ContextLoader           [0;39m [2m:[0;39m Root WebApplicationContext: initialization completed in 1439 ms
[2m2020-06-17 17:46:00.403[0;39m [32m INFO[0;39m [35m12332[0;39m [2m---[0;39m [2m[  restartedMain][0;39m [36mo.s.s.concurrent.ThreadPoolTaskExecutor [0;39m [2m:[0;39m Initializing ExecutorService 'applicationTaskExecutor'
[2m2020-06-17 17:46:00.438[0;39m [32m INFO[0;39m [35m12332[0;39m [2m---[0;39m [2m[  restartedMain][0;39m [36mo.s.b.d.a.OptionalLiveReloadServer      [0;39m [2m:[0;39m LiveReload server is running on port 35729
[2m2020-06-17 17:46:00.452[0;39m [32m INFO[0;39m [35m12332[0;39m [2m---[0;39m [2m[  restartedMain][0;39m [36mo.s.b.a.w.s.WelcomePageHandlerMapping   [0;39m [2m:[0;39m Adding welcome page: class path resource [static/index.html]
[2m2020-06-17 17:46:00.940[0;39m [32m INFO[0;39m [35m12332[0;39m [2m---[0;39m [2m[  restartedMain][0;39m [36mo.s.b.w.embedded.tomcat.TomcatWebServer [0;39m [2m:[0;39m Tomcat started on port(s): 9999 (http) with context path '/happyhouse'
[2m2020-06-17 17:46:00.952[0;39m [32m INFO[0;39m [35m12332[0;39m [2m---[0;39m [2m[  restartedMain][0;39m [36m.ConditionEvaluationDeltaLoggingListener[0;39m [2m:[0;39m Condition evaluation unchanged
[2m2020-06-17 17:48:37.655[0;39m [32m INFO[0;39m [35m12332[0;39m [2m---[0;39m [2m[      Thread-69][0;39m [36mo.s.s.concurrent.ThreadPoolTaskExecutor [0;39m [2m:[0;39m Shutting down ExecutorService 'applicationTaskExecutor'
[2m2020-06-17 17:48:39.383[0;39m [32m INFO[0;39m [35m12332[0;39m [2m---[0;39m [2m[  restartedMain][0;39m [36mtrationDelegate$BeanPostProcessorChecker[0;39m [2m:[0;39m Bean 'org.springframework.ws.config.annotation.DelegatingWsConfiguration' of type [org.springframework.ws.config.annotation.DelegatingWsConfiguration$$EnhancerBySpringCGLIB$$c922f7b4] is not eligible for getting processed by all BeanPostProcessors (for example: not eligible for auto-proxying)
[2m2020-06-17 17:48:39.385[0;39m [32m INFO[0;39m [35m12332[0;39m [2m---[0;39m [2m[  restartedMain][0;39m [36m.w.s.a.s.AnnotationActionEndpointMapping[0;39m [2m:[0;39m Supporting [WS-Addressing August 2004, WS-Addressing 1.0]
[2m2020-06-17 17:48:39.624[0;39m [32m INFO[0;39m [35m12332[0;39m [2m---[0;39m [2m[  restartedMain][0;39m [36mo.s.b.w.embedded.tomcat.TomcatWebServer [0;39m [2m:[0;39m Tomcat initialized with port(s): 9999 (http)
[2m2020-06-17 17:48:39.780[0;39m [32m INFO[0;39m [35m12332[0;39m [2m---[0;39m [2m[  restartedMain][0;39m [36mo.s.web.context.ContextLoader           [0;39m [2m:[0;39m Root WebApplicationContext: initialization completed in 1405 ms
[2m2020-06-17 17:48:40.253[0;39m [32m INFO[0;39m [35m12332[0;39m [2m---[0;39m [2m[  restartedMain][0;39m [36mo.s.s.concurrent.ThreadPoolTaskExecutor [0;39m [2m:[0;39m Initializing ExecutorService 'applicationTaskExecutor'
[2m2020-06-17 17:48:40.267[0;39m [32m INFO[0;39m [35m12332[0;39m [2m---[0;39m [2m[  restartedMain][0;39m [36mo.s.b.d.a.OptionalLiveReloadServer      [0;39m [2m:[0;39m LiveReload server is running on port 35729
[2m2020-06-17 17:48:40.274[0;39m [32m INFO[0;39m [35m12332[0;39m [2m---[0;39m [2m[  restartedMain][0;39m [36mo.s.b.a.w.s.WelcomePageHandlerMapping   [0;39m [2m:[0;39m Adding welcome page: class path resource [static/index.html]
[2m2020-06-17 17:48:40.456[0;39m [32m INFO[0;39m [35m12332[0;39m [2m---[0;39m [2m[  restartedMain][0;39m [36mo.s.b.w.embedded.tomcat.TomcatWebServer [0;39m [2m:[0;39m Tomcat started on port(s): 9999 (http) with context path '/happyhouse'
[2m2020-06-17 17:48:40.459[0;39m [32m INFO[0;39m [35m12332[0;39m [2m---[0;39m [2m[  restartedMain][0;39m [36m.ConditionEvaluationDeltaLoggingListener[0;39m [2m:[0;39m Condition evaluation unchanged
[2m2020-06-17 17:50:17.005[0;39m [32m INFO[0;39m [35m12332[0;39m [2m---[0;39m [2m[nio-9999-exec-1][0;39m [36mo.s.web.servlet.DispatcherServlet       [0;39m [2m:[0;39m Initializing Servlet 'dispatcherServlet'
[2m2020-06-17 17:50:17.012[0;39m [32m INFO[0;39m [35m12332[0;39m [2m---[0;39m [2m[nio-9999-exec-1][0;39m [36mo.s.web.servlet.DispatcherServlet       [0;39m [2m:[0;39m Completed initialization in 5 ms
[2m2020-06-17 17:50:46.700[0;39m [32m INFO[0;39m [35m12332[0;39m [2m---[0;39m [2m[      Thread-74][0;39m [36mo.s.s.concurrent.ThreadPoolTaskExecutor [0;39m [2m:[0;39m Shutting down ExecutorService 'applicationTaskExecutor'
[2m2020-06-17 17:50:48.444[0;39m [32m INFO[0;39m [35m12332[0;39m [2m---[0;39m [2m[  restartedMain][0;39m [36mtrationDelegate$BeanPostProcessorChecker[0;39m [2m:[0;39m Bean 'org.springframework.ws.config.annotation.DelegatingWsConfiguration' of type [org.springframework.ws.config.annotation.DelegatingWsConfiguration$$EnhancerBySpringCGLIB$$c922f7b4] is not eligible for getting processed by all BeanPostProcessors (for example: not eligible for auto-proxying)
[2m2020-06-17 17:50:48.445[0;39m [32m INFO[0;39m [35m12332[0;39m [2m---[0;39m [2m[  restartedMain][0;39m [36m.w.s.a.s.AnnotationActionEndpointMapping[0;39m [2m:[0;39m Supporting [WS-Addressing August 2004, WS-Addressing 1.0]
[2m2020-06-17 17:50:48.620[0;39m [32m INFO[0;39m [35m12332[0;39m [2m---[0;39m [2m[  restartedMain][0;39m [36mo.s.b.w.embedded.tomcat.TomcatWebServer [0;39m [2m:[0;39m Tomcat initialized with port(s): 9999 (http)
[2m2020-06-17 17:50:48.747[0;39m [32m INFO[0;39m [35m12332[0;39m [2m---[0;39m [2m[  restartedMain][0;39m [36mo.s.web.context.ContextLoader           [0;39m [2m:[0;39m Root WebApplicationContext: initialization completed in 986 ms
[2m2020-06-17 17:50:49.140[0;39m [32m INFO[0;39m [35m12332[0;39m [2m---[0;39m [2m[  restartedMain][0;39m [36mo.s.s.concurrent.ThreadPoolTaskExecutor [0;39m [2m:[0;39m Initializing ExecutorService 'applicationTaskExecutor'
[2m2020-06-17 17:50:49.155[0;39m [32m INFO[0;39m [35m12332[0;39m [2m---[0;39m [2m[  restartedMain][0;39m [36mo.s.b.d.a.OptionalLiveReloadServer      [0;39m [2m:[0;39m LiveReload server is running on port 35729
[2m2020-06-17 17:50:49.163[0;39m [32m INFO[0;39m [35m12332[0;39m [2m---[0;39m [2m[  restartedMain][0;39m [36mo.s.b.a.w.s.WelcomePageHandlerMapping   [0;39m [2m:[0;39m Adding welcome page: class path resource [static/index.html]
[2m2020-06-17 17:50:49.373[0;39m [32m INFO[0;39m [35m12332[0;39m [2m---[0;39m [2m[  restartedMain][0;39m [36mo.s.b.w.embedded.tomcat.TomcatWebServer [0;39m [2m:[0;39m Tomcat started on port(s): 9999 (http) with context path '/happyhouse'
[2m2020-06-17 17:50:49.376[0;39m [32m INFO[0;39m [35m12332[0;39m [2m---[0;39m [2m[  restartedMain][0;39m [36m.ConditionEvaluationDeltaLoggingListener[0;39m [2m:[0;39m Condition evaluation unchanged
[2m2020-06-17 17:50:50.979[0;39m [32m INFO[0;39m [35m12332[0;39m [2m---[0;39m [2m[      Thread-79][0;39m [36mo.s.s.concurrent.ThreadPoolTaskExecutor [0;39m [2m:[0;39m Shutting down ExecutorService 'applicationTaskExecutor'
[2m2020-06-17 17:50:52.862[0;39m [32m INFO[0;39m [35m12332[0;39m [2m---[0;39m [2m[  restartedMain][0;39m [36mtrationDelegate$BeanPostProcessorChecker[0;39m [2m:[0;39m Bean 'org.springframework.ws.config.annotation.DelegatingWsConfiguration' of type [org.springframework.ws.config.annotation.DelegatingWsConfiguration$$EnhancerBySpringCGLIB$$c922f7b4] is not eligible for getting processed by all BeanPostProcessors (for example: not eligible for auto-proxying)
[2m2020-06-17 17:50:52.864[0;39m [32m INFO[0;39m [35m12332[0;39m [2m---[0;39m [2m[  restartedMain][0;39m [36m.w.s.a.s.AnnotationActionEndpointMapping[0;39m [2m:[0;39m Supporting [WS-Addressing August 2004, WS-Addressing 1.0]
[2m2020-06-17 17:50:53.043[0;39m [32m INFO[0;39m [35m12332[0;39m [2m---[0;39m [2m[  restartedMain][0;39m [36mo.s.b.w.embedded.tomcat.TomcatWebServer [0;39m [2m:[0;39m Tomcat initialized with port(s): 9999 (http)
[2m2020-06-17 17:50:53.164[0;39m [32m INFO[0;39m [35m12332[0;39m [2m---[0;39m [2m[  restartedMain][0;39m [36mo.s.web.context.ContextLoader           [0;39m [2m:[0;39m Root WebApplicationContext: initialization completed in 1115 ms
[2m2020-06-17 17:50:53.714[0;39m [32m INFO[0;39m [35m12332[0;39m [2m---[0;39m [2m[  restartedMain][0;39m [36mo.s.s.concurrent.ThreadPoolTaskExecutor [0;39m [2m:[0;39m Initializing ExecutorService 'applicationTaskExecutor'
[2m2020-06-17 17:50:53.728[0;39m [32m INFO[0;39m [35m12332[0;39m [2m---[0;39m [2m[  restartedMain][0;39m [36mo.s.b.d.a.OptionalLiveReloadServer      [0;39m [2m:[0;39m LiveReload server is running on port 35729
[2m2020-06-17 17:50:53.738[0;39m [32m INFO[0;39m [35m12332[0;39m [2m---[0;39m [2m[  restartedMain][0;39m [36mo.s.b.a.w.s.WelcomePageHandlerMapping   [0;39m [2m:[0;39m Adding welcome page: class path resource [static/index.html]
[2m2020-06-17 17:50:53.970[0;39m [32m INFO[0;39m [35m12332[0;39m [2m---[0;39m [2m[  restartedMain][0;39m [36mo.s.b.w.embedded.tomcat.TomcatWebServer [0;39m [2m:[0;39m Tomcat started on port(s): 9999 (http) with context path '/happyhouse'
[2m2020-06-17 17:50:53.975[0;39m [32m INFO[0;39m [35m12332[0;39m [2m---[0;39m [2m[  restartedMain][0;39m [36m.ConditionEvaluationDeltaLoggingListener[0;39m [2m:[0;39m Condition evaluation unchanged
[2m2020-06-17 17:52:07.470[0;39m [32m INFO[0;39m [35m12332[0;39m [2m---[0;39m [2m[      Thread-84][0;39m [36mo.s.s.concurrent.ThreadPoolTaskExecutor [0;39m [2m:[0;39m Shutting down ExecutorService 'applicationTaskExecutor'
[2m2020-06-17 17:52:08.784[0;39m [32m INFO[0;39m [35m12332[0;39m [2m---[0;39m [2m[  restartedMain][0;39m [36mtrationDelegate$BeanPostProcessorChecker[0;39m [2m:[0;39m Bean 'org.springframework.ws.config.annotation.DelegatingWsConfiguration' of type [org.springframework.ws.config.annotation.DelegatingWsConfiguration$$EnhancerBySpringCGLIB$$c922f7b4] is not eligible for getting processed by all BeanPostProcessors (for example: not eligible for auto-proxying)
[2m2020-06-17 17:52:08.785[0;39m [32m INFO[0;39m [35m12332[0;39m [2m---[0;39m [2m[  restartedMain][0;39m [36m.w.s.a.s.AnnotationActionEndpointMapping[0;39m [2m:[0;39m Supporting [WS-Addressing August 2004, WS-Addressing 1.0]
[2m2020-06-17 17:52:08.927[0;39m [32m INFO[0;39m [35m12332[0;39m [2m---[0;39m [2m[  restartedMain][0;39m [36mo.s.b.w.embedded.tomcat.TomcatWebServer [0;39m [2m:[0;39m Tomcat initialized with port(s): 9999 (http)
[2m2020-06-17 17:52:09.053[0;39m [32m INFO[0;39m [35m12332[0;39m [2m---[0;39m [2m[  restartedMain][0;39m [36mo.s.web.context.ContextLoader           [0;39m [2m:[0;39m Root WebApplicationContext: initialization completed in 901 ms
[2m2020-06-17 17:52:09.493[0;39m [32m INFO[0;39m [35m12332[0;39m [2m---[0;39m [2m[  restartedMain][0;39m [36mo.s.s.concurrent.ThreadPoolTaskExecutor [0;39m [2m:[0;39m Initializing ExecutorService 'applicationTaskExecutor'
[2m2020-06-17 17:52:09.506[0;39m [32m INFO[0;39m [35m12332[0;39m [2m---[0;39m [2m[  restartedMain][0;39m [36mo.s.b.d.a.OptionalLiveReloadServer      [0;39m [2m:[0;39m LiveReload server is running on port 35729
[2m2020-06-17 17:52:09.514[0;39m [32m INFO[0;39m [35m12332[0;39m [2m---[0;39m [2m[  restartedMain][0;39m [36mo.s.b.a.w.s.WelcomePageHandlerMapping   [0;39m [2m:[0;39m Adding welcome page: class path resource [static/index.html]
[2m2020-06-17 17:52:09.758[0;39m [32m INFO[0;39m [35m12332[0;39m [2m---[0;39m [2m[  restartedMain][0;39m [36mo.s.b.w.embedded.tomcat.TomcatWebServer [0;39m [2m:[0;39m Tomcat started on port(s): 9999 (http) with context path '/happyhouse'
[2m2020-06-17 17:52:09.762[0;39m [32m INFO[0;39m [35m12332[0;39m [2m---[0;39m [2m[  restartedMain][0;39m [36m.ConditionEvaluationDeltaLoggingListener[0;39m [2m:[0;39m Condition evaluation unchanged
[2m2020-06-17 17:52:19.964[0;39m [32m INFO[0;39m [35m12332[0;39m [2m---[0;39m [2m[nio-9999-exec-1][0;39m [36mo.s.web.servlet.DispatcherServlet       [0;39m [2m:[0;39m Initializing Servlet 'dispatcherServlet'
[2m2020-06-17 17:52:19.972[0;39m [32m INFO[0;39m [35m12332[0;39m [2m---[0;39m [2m[nio-9999-exec-1][0;39m [36mo.s.web.servlet.DispatcherServlet       [0;39m [2m:[0;39m Completed initialization in 6 ms
[2m2020-06-17 18:00:12.142[0;39m [32m INFO[0;39m [35m12332[0;39m [2m---[0;39m [2m[on(2)-127.0.0.1][0;39m [36minMXBeanRegistrar$SpringApplicationAdmin[0;39m [2m:[0;39m Application shutdown requested.
[2m2020-06-17 18:00:12.186[0;39m [32m INFO[0;39m [35m12332[0;39m [2m---[0;39m [2m[on(2)-127.0.0.1][0;39m [36mo.s.s.concurrent.ThreadPoolTaskExecutor [0;39m [2m:[0;39m Shutting down ExecutorService 'applicationTaskExecutor'
[2m2020-06-17 18:21:04.820[0;39m [32m INFO[0;39m [35m18856[0;39m [2m---[0;39m [2m[  restartedMain][0;39m [36m.e.DevToolsPropertyDefaultsPostProcessor[0;39m [2m:[0;39m Devtools property defaults active! Set 'spring.devtools.add-properties' to 'false' to disable
[2m2020-06-17 18:21:04.825[0;39m [32m INFO[0;39m [35m18856[0;39m [2m---[0;39m [2m[  restartedMain][0;39m [36m.e.DevToolsPropertyDefaultsPostProcessor[0;39m [2m:[0;39m For additional web related logging consider setting the 'logging.level.web' property to 'DEBUG'
[2m2020-06-17 18:21:07.330[0;39m [32m INFO[0;39m [35m18856[0;39m [2m---[0;39m [2m[  restartedMain][0;39m [36mtrationDelegate$BeanPostProcessorChecker[0;39m [2m:[0;39m Bean 'org.springframework.ws.config.annotation.DelegatingWsConfiguration' of type [org.springframework.ws.config.annotation.DelegatingWsConfiguration$$EnhancerBySpringCGLIB$$6559c9fd] is not eligible for getting processed by all BeanPostProcessors (for example: not eligible for auto-proxying)
[2m2020-06-17 18:21:07.396[0;39m [32m INFO[0;39m [35m18856[0;39m [2m---[0;39m [2m[  restartedMain][0;39m [36m.w.s.a.s.AnnotationActionEndpointMapping[0;39m [2m:[0;39m Supporting [WS-Addressing August 2004, WS-Addressing 1.0]
[2m2020-06-17 18:21:07.918[0;39m [32m INFO[0;39m [35m18856[0;39m [2m---[0;39m [2m[  restartedMain][0;39m [36mo.s.b.w.embedded.tomcat.TomcatWebServer [0;39m [2m:[0;39m Tomcat initialized with port(s): 9999 (http)
[2m2020-06-17 18:21:08.346[0;39m [32m INFO[0;39m [35m18856[0;39m [2m---[0;39m [2m[  restartedMain][0;39m [36mo.s.web.context.ContextLoader           [0;39m [2m:[0;39m Root WebApplicationContext: initialization completed in 3520 ms
[2m2020-06-17 18:21:10.568[0;39m [32m INFO[0;39m [35m18856[0;39m [2m---[0;39m [2m[  restartedMain][0;39m [36mo.s.s.concurrent.ThreadPoolTaskExecutor [0;39m [2m:[0;39m Initializing ExecutorService 'applicationTaskExecutor'
[2m2020-06-17 18:21:10.662[0;39m [32m INFO[0;39m [35m18856[0;39m [2m---[0;39m [2m[  restartedMain][0;39m [36mo.s.b.d.a.OptionalLiveReloadServer      [0;39m [2m:[0;39m LiveReload server is running on port 35729
[2m2020-06-17 18:21:10.721[0;39m [32m INFO[0;39m [35m18856[0;39m [2m---[0;39m [2m[  restartedMain][0;39m [36mo.s.b.a.w.s.WelcomePageHandlerMapping   [0;39m [2m:[0;39m Adding welcome page: class path resource [static/index.html]
[2m2020-06-17 18:21:11.992[0;39m [32m INFO[0;39m [35m18856[0;39m [2m---[0;39m [2m[  restartedMain][0;39m [36mo.s.b.w.embedded.tomcat.TomcatWebServer [0;39m [2m:[0;39m Tomcat started on port(s): 9999 (http) with context path '/happyhouse'
[2m2020-06-17 18:21:13.649[0;39m [32m INFO[0;39m [35m18856[0;39m [2m---[0;39m [2m[nio-9999-exec-2][0;39m [36mo.s.web.servlet.DispatcherServlet       [0;39m [2m:[0;39m Initializing Servlet 'dispatcherServlet'
[2m2020-06-17 18:21:13.666[0;39m [32m INFO[0;39m [35m18856[0;39m [2m---[0;39m [2m[nio-9999-exec-2][0;39m [36mo.s.web.servlet.DispatcherServlet       [0;39m [2m:[0;39m Completed initialization in 16 ms
[2m2020-06-17 18:22:17.758[0;39m [32m INFO[0;39m [35m18856[0;39m [2m---[0;39m [2m[nio-9999-exec-2][0;39m [36mc.s.H.controller.chartController        [0;39m [2m:[0;39m -- didLogin -- Wed Jun 17 18:22:17 KST 2020
[2m2020-06-17 18:25:01.244[0;39m [32m INFO[0;39m [35m18856[0;39m [2m---[0;39m [2m[nio-9999-exec-5][0;39m [36mc.s.H.controller.chartController        [0;39m [2m:[0;39m -- didLogin -- Wed Jun 17 18:25:01 KST 2020
[2m2020-06-17 18:25:01.354[0;39m [32mDEBUG[0;39m [35m18856[0;39m [2m---[0;39m [2m[io-9999-exec-10][0;39m [36mc.s.HappyHouse.controller.QnAController [0;39m [2m:[0;39m retrieveQnA - 호출!!!!!!!!!!!!!!!
[2m2020-06-17 18:25:05.061[0;39m [32mDEBUG[0;39m [35m18856[0;39m [2m---[0;39m [2m[nio-9999-exec-6][0;39m [36mc.s.HappyHouse.controller.QnAController [0;39m [2m:[0;39m selectOneQnA - 호출
[2m2020-06-17 18:25:06.720[0;39m [32mDEBUG[0;39m [35m18856[0;39m [2m---[0;39m [2m[nio-9999-exec-7][0;39m [36mc.s.HappyHouse.controller.QnAController [0;39m [2m:[0;39m retrieveQnA - 호출!!!!!!!!!!!!!!!
[2m2020-06-17 18:25:07.558[0;39m [32mDEBUG[0;39m [35m18856[0;39m [2m---[0;39m [2m[nio-9999-exec-5][0;39m [36mc.s.HappyHouse.controller.QnAController [0;39m [2m:[0;39m selectOneQnA - 호출
[2m2020-06-17 18:25:08.149[0;39m [32mDEBUG[0;39m [35m18856[0;39m [2m---[0;39m [2m[io-9999-exec-10][0;39m [36mc.s.HappyHouse.controller.QnAController [0;39m [2m:[0;39m retrieveQnA - 호출!!!!!!!!!!!!!!!
[2m2020-06-17 18:37:32.720[0;39m [32m INFO[0;39m [35m18856[0;39m [2m---[0;39m [2m[nio-9999-exec-9][0;39m [36mc.s.H.controller.chartController        [0;39m [2m:[0;39m -- didLogin -- Wed Jun 17 18:37:32 KST 2020
[2m2020-06-17 18:40:10.323[0;39m [32m INFO[0;39m [35m18856[0;39m [2m---[0;39m [2m[nio-9999-exec-6][0;39m [36mc.s.H.controller.chartController        [0;39m [2m:[0;39m -- didLogin -- Wed Jun 17 18:40:10 KST 2020
[2m2020-06-17 18:40:52.144[0;39m [32m INFO[0;39m [35m18856[0;39m [2m---[0;39m [2m[nio-9999-exec-7][0;39m [36mc.s.H.controller.chartController        [0;39m [2m:[0;39m -- didLogin -- Wed Jun 17 18:40:52 KST 2020
[2m2020-06-17 18:42:11.067[0;39m [32m INFO[0;39m [35m18856[0;39m [2m---[0;39m [2m[nio-9999-exec-7][0;39m [36mc.s.H.controller.chartController        [0;39m [2m:[0;39m -- didLogin -- Wed Jun 17 18:42:11 KST 2020
[2m2020-06-17 18:43:59.924[0;39m [32m INFO[0;39m [35m18856[0;39m [2m---[0;39m [2m[nio-9999-exec-2][0;39m [36mc.s.H.controller.chartController        [0;39m [2m:[0;39m -- didLogin -- Wed Jun 17 18:43:59 KST 2020
[2m2020-06-17 18:45:00.536[0;39m [32m INFO[0;39m [35m18856[0;39m [2m---[0;39m [2m[nio-9999-exec-5][0;39m [36mc.s.H.controller.chartController        [0;39m [2m:[0;39m -- didLogin -- Wed Jun 17 18:45:00 KST 2020
[2m2020-06-17 18:45:26.074[0;39m [32m INFO[0;39m [35m18856[0;39m [2m---[0;39m [2m[nio-9999-exec-4][0;39m [36mc.s.H.controller.chartController        [0;39m [2m:[0;39m -- didLogin -- Wed Jun 17 18:45:26 KST 2020
[2m2020-06-17 18:46:24.416[0;39m [32m INFO[0;39m [35m18856[0;39m [2m---[0;39m [2m[io-9999-exec-10][0;39m [36mc.s.H.controller.chartController        [0;39m [2m:[0;39m -- didLogin -- Wed Jun 17 18:46:24 KST 2020
[2m2020-06-17 18:46:30.737[0;39m [32m INFO[0;39m [35m18856[0;39m [2m---[0;39m [2m[nio-9999-exec-4][0;39m [36mc.s.H.controller.chartController        [0;39m [2m:[0;39m -- didLogin -- Wed Jun 17 18:46:30 KST 2020
[2m2020-06-17 18:47:33.071[0;39m [32m INFO[0;39m [35m18856[0;39m [2m---[0;39m [2m[nio-9999-exec-5][0;39m [36mc.s.H.controller.chartController        [0;39m [2m:[0;39m -- didLogin -- Wed Jun 17 18:47:33 KST 2020
[2m2020-06-17 18:48:30.762[0;39m [32m INFO[0;39m [35m18856[0;39m [2m---[0;39m [2m[nio-9999-exec-5][0;39m [36mc.s.H.controller.chartController        [0;39m [2m:[0;39m -- didLogin -- Wed Jun 17 18:48:30 KST 2020
[2m2020-06-17 18:48:55.559[0;39m [32m INFO[0;39m [35m18856[0;39m [2m---[0;39m [2m[nio-9999-exec-9][0;39m [36mc.s.H.controller.chartController        [0;39m [2m:[0;39m -- didLogin -- Wed Jun 17 18:48:55 KST 2020
[2m2020-06-17 18:49:02.603[0;39m [32m INFO[0;39m [35m18856[0;39m [2m---[0;39m [2m[nio-9999-exec-1][0;39m [36mc.s.H.controller.chartController        [0;39m [2m:[0;39m -- didLogin -- Wed Jun 17 18:49:02 KST 2020
[2m2020-06-17 18:50:00.529[0;39m [32m INFO[0;39m [35m18856[0;39m [2m---[0;39m [2m[nio-9999-exec-5][0;39m [36mc.s.H.controller.chartController        [0;39m [2m:[0;39m -- didLogin -- Wed Jun 17 18:50:00 KST 2020
[2m2020-06-17 18:50:57.620[0;39m [32m INFO[0;39m [35m18856[0;39m [2m---[0;39m [2m[nio-9999-exec-4][0;39m [36mc.s.H.controller.chartController        [0;39m [2m:[0;39m -- retrieve chart -- Wed Jun 17 18:50:57 KST 2020
[2m2020-06-17 18:50:57.620[0;39m [32m INFO[0;39m [35m18856[0;39m [2m---[0;39m [2m[nio-9999-exec-4][0;39m [36mc.s.H.controller.chartController        [0;39m [2m:[0;39m -- retrieve chart -- date: 201906202007, type: 1
[2m2020-06-17 18:51:27.040[0;39m [32m INFO[0;39m [35m18856[0;39m [2m---[0;39m [2m[nio-9999-exec-5][0;39m [36mc.s.H.controller.chartController        [0;39m [2m:[0;39m -- retrieve chart -- Wed Jun 17 18:51:27 KST 2020
[2m2020-06-17 18:51:27.040[0;39m [32m INFO[0;39m [35m18856[0;39m [2m---[0;39m [2m[nio-9999-exec-5][0;39m [36mc.s.H.controller.chartController        [0;39m [2m:[0;39m -- retrieve chart -- date: 201906202007, type: 2
[2m2020-06-17 19:06:54.101[0;39m [32m INFO[0;39m [35m18856[0;39m [2m---[0;39m [2m[nio-9999-exec-2][0;39m [36mc.s.H.controller.chartController        [0;39m [2m:[0;39m -- didLogin -- Wed Jun 17 19:06:54 KST 2020
[2m2020-06-17 19:07:23.901[0;39m [32m INFO[0;39m [35m18856[0;39m [2m---[0;39m [2m[nio-9999-exec-3][0;39m [36mc.s.HappyHouse.controller.aptController [0;39m [2m:[0;39m -- apt search -- Wed Jun 17 19:07:23 KST 2020
[2m2020-06-17 19:10:30.271[0;39m [32m INFO[0;39m [35m18856[0;39m [2m---[0;39m [2m[nio-9999-exec-7][0;39m [36mc.s.H.controller.chartController        [0;39m [2m:[0;39m -- didLogin -- Wed Jun 17 19:10:30 KST 2020
[2m2020-06-17 19:13:15.236[0;39m [32m INFO[0;39m [35m18856[0;39m [2m---[0;39m [2m[nio-9999-exec-6][0;39m [36mc.s.H.controller.chartController        [0;39m [2m:[0;39m -- didLogin -- Wed Jun 17 19:13:15 KST 2020
[2m2020-06-17 19:17:40.241[0;39m [32m INFO[0;39m [35m18856[0;39m [2m---[0;39m [2m[nio-9999-exec-6][0;39m [36mc.s.H.controller.chartController        [0;39m [2m:[0;39m -- didLogin -- Wed Jun 17 19:17:40 KST 2020
[2m2020-06-17 19:17:40.249[0;39m [32m INFO[0;39m [35m18856[0;39m [2m---[0;39m [2m[nio-9999-exec-9][0;39m [36mc.s.H.controller.chartController        [0;39m [2m:[0;39m -- didLogin -- Wed Jun 17 19:17:40 KST 2020
[2m2020-06-17 19:18:14.403[0;39m [32m INFO[0;39m [35m18856[0;39m [2m---[0;39m [2m[nio-9999-exec-7][0;39m [36mc.s.H.controller.chartController        [0;39m [2m:[0;39m -- didLogin -- Wed Jun 17 19:18:14 KST 2020
[2m2020-06-17 19:18:18.478[0;39m [32m INFO[0;39m [35m18856[0;39m [2m---[0;39m [2m[nio-9999-exec-6][0;39m [36mc.s.H.controller.chartController        [0;39m [2m:[0;39m -- didLogin -- Wed Jun 17 19:18:18 KST 2020
[2m2020-06-17 19:18:30.907[0;39m [32m INFO[0;39m [35m18856[0;39m [2m---[0;39m [2m[nio-9999-exec-8][0;39m [36mc.s.H.controller.chartController        [0;39m [2m:[0;39m -- didLogin -- Wed Jun 17 19:18:30 KST 2020
[2m2020-06-17 19:24:24.959[0;39m [32m INFO[0;39m [35m18856[0;39m [2m---[0;39m [2m[nio-9999-exec-5][0;39m [36mc.s.H.controller.chartController        [0;39m [2m:[0;39m -- didLogin -- Wed Jun 17 19:24:24 KST 2020
[2m2020-06-17 19:24:24.963[0;39m [32m INFO[0;39m [35m18856[0;39m [2m---[0;39m [2m[nio-9999-exec-3][0;39m [36mc.s.H.controller.chartController        [0;39m [2m:[0;39m -- didLogin -- Wed Jun 17 19:24:24 KST 2020
[2m2020-06-17 19:24:38.051[0;39m [32m INFO[0;39m [35m18856[0;39m [2m---[0;39m [2m[io-9999-exec-10][0;39m [36mc.s.H.controller.chartController        [0;39m [2m:[0;39m -- didLogin -- Wed Jun 17 19:24:38 KST 2020
[2m2020-06-17 19:24:38.056[0;39m [32m INFO[0;39m [35m18856[0;39m [2m---[0;39m [2m[nio-9999-exec-6][0;39m [36mc.s.H.controller.chartController        [0;39m [2m:[0;39m -- didLogin -- Wed Jun 17 19:24:38 KST 2020
[2m2020-06-17 19:24:40.844[0;39m [32m INFO[0;39m [35m18856[0;39m [2m---[0;39m [2m[nio-9999-exec-1][0;39m [36mc.s.H.controller.chartController        [0;39m [2m:[0;39m -- didLogin -- Wed Jun 17 19:24:40 KST 2020
[2m2020-06-17 19:24:40.849[0;39m [32m INFO[0;39m [35m18856[0;39m [2m---[0;39m [2m[nio-9999-exec-7][0;39m [36mc.s.H.controller.chartController        [0;39m [2m:[0;39m -- didLogin -- Wed Jun 17 19:24:40 KST 2020
[2m2020-06-17 19:25:09.762[0;39m [32m INFO[0;39m [35m18856[0;39m [2m---[0;39m [2m[nio-9999-exec-2][0;39m [36mc.s.H.controller.chartController        [0;39m [2m:[0;39m -- didLogin -- Wed Jun 17 19:25:09 KST 2020
[2m2020-06-17 19:25:09.782[0;39m [32m INFO[0;39m [35m18856[0;39m [2m---[0;39m [2m[nio-9999-exec-5][0;39m [36mc.s.H.controller.chartController        [0;39m [2m:[0;39m -- didLogin -- Wed Jun 17 19:25:09 KST 2020
[2m2020-06-17 19:25:11.959[0;39m [32m INFO[0;39m [35m18856[0;39m [2m---[0;39m [2m[nio-9999-exec-3][0;39m [36mc.s.H.controller.chartController        [0;39m [2m:[0;39m -- didLogin -- Wed Jun 17 19:25:11 KST 2020
[2m2020-06-17 19:25:18.290[0;39m [32m INFO[0;39m [35m18856[0;39m [2m---[0;39m [2m[nio-9999-exec-4][0;39m [36mc.s.H.controller.chartController        [0;39m [2m:[0;39m -- didLogin -- Wed Jun 17 19:25:18 KST 2020
[2m2020-06-17 19:25:36.353[0;39m [32m INFO[0;39m [35m18856[0;39m [2m---[0;39m [2m[nio-9999-exec-6][0;39m [36mc.s.H.controller.chartController        [0;39m [2m:[0;39m -- didLogin -- Wed Jun 17 19:25:36 KST 2020
[2m2020-06-17 19:25:45.523[0;39m [32m INFO[0;39m [35m18856[0;39m [2m---[0;39m [2m[nio-9999-exec-8][0;39m [36mc.s.H.controller.chartController        [0;39m [2m:[0;39m -- didLogin -- Wed Jun 17 19:25:45 KST 2020
[2m2020-06-17 19:25:45.523[0;39m [32m INFO[0;39m [35m18856[0;39m [2m---[0;39m [2m[nio-9999-exec-7][0;39m [36mc.s.H.controller.chartController        [0;39m [2m:[0;39m -- retrieve chart -- Wed Jun 17 19:25:45 KST 2020
[2m2020-06-17 19:25:45.523[0;39m [32m INFO[0;39m [35m18856[0;39m [2m---[0;39m [2m[nio-9999-exec-7][0;39m [36mc.s.H.controller.chartController        [0;39m [2m:[0;39m -- retrieve chart -- date: , type: 1
[2m2020-06-17 19:25:45.675[0;39m [31mERROR[0;39m [35m18856[0;39m [2m---[0;39m [2m[nio-9999-exec-7][0;39m [36mo.a.c.c.C.[.[.[.[dispatcherServlet]     [0;39m [2m:[0;39m Servlet.service() for servlet [dispatcherServlet] in context with path [/happyhouse] threw exception [Request processing failed; nested exception is java.lang.StringIndexOutOfBoundsException: String index out of range: 6] with root cause

java.lang.StringIndexOutOfBoundsException: String index out of range: 6
	at java.lang.String.substring(Unknown Source)
	at com.ssafy.HappyHouse.controller.chartController.retrieveChart(chartController.java:42)
	at sun.reflect.NativeMethodAccessorImpl.invoke0(Native Method)
	at sun.reflect.NativeMethodAccessorImpl.invoke(Unknown Source)
	at sun.reflect.DelegatingMethodAccessorImpl.invoke(Unknown Source)
	at java.lang.reflect.Method.invoke(Unknown Source)
	at org.springframework.web.method.support.InvocableHandlerMethod.doInvoke(InvocableHandlerMethod.java:190)
	at org.springframework.web.method.support.InvocableHandlerMethod.invokeForRequest(InvocableHandlerMethod.java:138)
	at org.springframework.web.servlet.mvc.method.annotation.ServletInvocableHandlerMethod.invokeAndHandle(ServletInvocableHandlerMethod.java:105)
	at org.springframework.web.servlet.mvc.method.annotation.RequestMappingHandlerAdapter.invokeHandlerMethod(RequestMappingHandlerAdapter.java:879)
	at org.springframework.web.servlet.mvc.method.annotation.RequestMappingHandlerAdapter.handleInternal(RequestMappingHandlerAdapter.java:793)
	at org.springframework.web.servlet.mvc.method.AbstractHandlerMethodAdapter.handle(AbstractHandlerMethodAdapter.java:87)
	at org.springframework.web.servlet.DispatcherServlet.doDispatch(DispatcherServlet.java:1040)
	at org.springframework.web.servlet.DispatcherServlet.doService(DispatcherServlet.java:943)
	at org.springframework.web.servlet.FrameworkServlet.processRequest(FrameworkServlet.java:1006)
	at org.springframework.web.servlet.FrameworkServlet.doGet(FrameworkServlet.java:898)
	at javax.servlet.http.HttpServlet.service(HttpServlet.java:634)
	at org.springframework.web.servlet.FrameworkServlet.service(FrameworkServlet.java:883)
	at javax.servlet.http.HttpServlet.service(HttpServlet.java:741)
	at org.apache.catalina.core.ApplicationFilterChain.internalDoFilter(ApplicationFilterChain.java:231)
	at org.apache.catalina.core.ApplicationFilterChain.doFilter(ApplicationFilterChain.java:166)
	at org.apache.tomcat.websocket.server.WsFilter.doFilter(WsFilter.java:53)
	at org.apache.catalina.core.ApplicationFilterChain.internalDoFilter(ApplicationFilterChain.java:193)
	at org.apache.catalina.core.ApplicationFilterChain.doFilter(ApplicationFilterChain.java:166)
	at org.springframework.web.filter.RequestContextFilter.doFilterInternal(RequestContextFilter.java:100)
	at org.springframework.web.filter.OncePerRequestFilter.doFilter(OncePerRequestFilter.java:119)
	at org.apache.catalina.core.ApplicationFilterChain.internalDoFilter(ApplicationFilterChain.java:193)
	at org.apache.catalina.core.ApplicationFilterChain.doFilter(ApplicationFilterChain.java:166)
	at org.springframework.web.filter.FormContentFilter.doFilterInternal(FormContentFilter.java:93)
	at org.springframework.web.filter.OncePerRequestFilter.doFilter(OncePerRequestFilter.java:119)
	at org.apache.catalina.core.ApplicationFilterChain.internalDoFilter(ApplicationFilterChain.java:193)
	at org.apache.catalina.core.ApplicationFilterChain.doFilter(ApplicationFilterChain.java:166)
	at org.springframework.web.filter.CharacterEncodingFilter.doFilterInternal(CharacterEncodingFilter.java:201)
	at org.springframework.web.filter.OncePerRequestFilter.doFilter(OncePerRequestFilter.java:119)
	at org.apache.catalina.core.ApplicationFilterChain.internalDoFilter(ApplicationFilterChain.java:193)
	at org.apache.catalina.core.ApplicationFilterChain.doFilter(ApplicationFilterChain.java:166)
	at org.apache.catalina.core.StandardWrapperValve.invoke(StandardWrapperValve.java:202)
	at org.apache.catalina.core.StandardContextValve.invoke(StandardContextValve.java:96)
	at org.apache.catalina.authenticator.AuthenticatorBase.invoke(AuthenticatorBase.java:541)
	at org.apache.catalina.core.StandardHostValve.invoke(StandardHostValve.java:139)
	at org.apache.catalina.valves.ErrorReportValve.invoke(ErrorReportValve.java:92)
	at org.apache.catalina.core.StandardEngineValve.invoke(StandardEngineValve.java:74)
	at org.apache.catalina.connector.CoyoteAdapter.service(CoyoteAdapter.java:343)
	at org.apache.coyote.http11.Http11Processor.service(Http11Processor.java:373)
	at org.apache.coyote.AbstractProcessorLight.process(AbstractProcessorLight.java:65)
	at org.apache.coyote.AbstractProtocol$ConnectionHandler.process(AbstractProtocol.java:868)
	at org.apache.tomcat.util.net.NioEndpoint$SocketProcessor.doRun(NioEndpoint.java:1590)
	at org.apache.tomcat.util.net.SocketProcessorBase.run(SocketProcessorBase.java:49)
	at java.util.concurrent.ThreadPoolExecutor.runWorker(Unknown Source)
	at java.util.concurrent.ThreadPoolExecutor$Worker.run(Unknown Source)
	at org.apache.tomcat.util.threads.TaskThread$WrappingRunnable.run(TaskThread.java:61)
	at java.lang.Thread.run(Unknown Source)

[2m2020-06-17 19:25:47.378[0;39m [32m INFO[0;39m [35m18856[0;39m [2m---[0;39m [2m[nio-9999-exec-2][0;39m [36mc.s.H.controller.chartController        [0;39m [2m:[0;39m -- retrieve chart -- Wed Jun 17 19:25:47 KST 2020
[2m2020-06-17 19:25:47.379[0;39m [32m INFO[0;39m [35m18856[0;39m [2m---[0;39m [2m[nio-9999-exec-2][0;39m [36mc.s.H.controller.chartController        [0;39m [2m:[0;39m -- retrieve chart -- date: , type: 1
[2m2020-06-17 19:25:47.380[0;39m [31mERROR[0;39m [35m18856[0;39m [2m---[0;39m [2m[nio-9999-exec-2][0;39m [36mo.a.c.c.C.[.[.[.[dispatcherServlet]     [0;39m [2m:[0;39m Servlet.service() for servlet [dispatcherServlet] in context with path [/happyhouse] threw exception [Request processing failed; nested exception is java.lang.StringIndexOutOfBoundsException: String index out of range: 6] with root cause

java.lang.StringIndexOutOfBoundsException: String index out of range: 6
	at java.lang.String.substring(Unknown Source)
	at com.ssafy.HappyHouse.controller.chartController.retrieveChart(chartController.java:42)
	at sun.reflect.NativeMethodAccessorImpl.invoke0(Native Method)
	at sun.reflect.NativeMethodAccessorImpl.invoke(Unknown Source)
	at sun.reflect.DelegatingMethodAccessorImpl.invoke(Unknown Source)
	at java.lang.reflect.Method.invoke(Unknown Source)
	at org.springframework.web.method.support.InvocableHandlerMethod.doInvoke(InvocableHandlerMethod.java:190)
	at org.springframework.web.method.support.InvocableHandlerMethod.invokeForRequest(InvocableHandlerMethod.java:138)
	at org.springframework.web.servlet.mvc.method.annotation.ServletInvocableHandlerMethod.invokeAndHandle(ServletInvocableHandlerMethod.java:105)
	at org.springframework.web.servlet.mvc.method.annotation.RequestMappingHandlerAdapter.invokeHandlerMethod(RequestMappingHandlerAdapter.java:879)
	at org.springframework.web.servlet.mvc.method.annotation.RequestMappingHandlerAdapter.handleInternal(RequestMappingHandlerAdapter.java:793)
	at org.springframework.web.servlet.mvc.method.AbstractHandlerMethodAdapter.handle(AbstractHandlerMethodAdapter.java:87)
	at org.springframework.web.servlet.DispatcherServlet.doDispatch(DispatcherServlet.java:1040)
	at org.springframework.web.servlet.DispatcherServlet.doService(DispatcherServlet.java:943)
	at org.springframework.web.servlet.FrameworkServlet.processRequest(FrameworkServlet.java:1006)
	at org.springframework.web.servlet.FrameworkServlet.doGet(FrameworkServlet.java:898)
	at javax.servlet.http.HttpServlet.service(HttpServlet.java:634)
	at org.springframework.web.servlet.FrameworkServlet.service(FrameworkServlet.java:883)
	at javax.servlet.http.HttpServlet.service(HttpServlet.java:741)
	at org.apache.catalina.core.ApplicationFilterChain.internalDoFilter(ApplicationFilterChain.java:231)
	at org.apache.catalina.core.ApplicationFilterChain.doFilter(ApplicationFilterChain.java:166)
	at org.apache.tomcat.websocket.server.WsFilter.doFilter(WsFilter.java:53)
	at org.apache.catalina.core.ApplicationFilterChain.internalDoFilter(ApplicationFilterChain.java:193)
	at org.apache.catalina.core.ApplicationFilterChain.doFilter(ApplicationFilterChain.java:166)
	at org.springframework.web.filter.RequestContextFilter.doFilterInternal(RequestContextFilter.java:100)
	at org.springframework.web.filter.OncePerRequestFilter.doFilter(OncePerRequestFilter.java:119)
	at org.apache.catalina.core.ApplicationFilterChain.internalDoFilter(ApplicationFilterChain.java:193)
	at org.apache.catalina.core.ApplicationFilterChain.doFilter(ApplicationFilterChain.java:166)
	at org.springframework.web.filter.FormContentFilter.doFilterInternal(FormContentFilter.java:93)
	at org.springframework.web.filter.OncePerRequestFilter.doFilter(OncePerRequestFilter.java:119)
	at org.apache.catalina.core.ApplicationFilterChain.internalDoFilter(ApplicationFilterChain.java:193)
	at org.apache.catalina.core.ApplicationFilterChain.doFilter(ApplicationFilterChain.java:166)
	at org.springframework.web.filter.CharacterEncodingFilter.doFilterInternal(CharacterEncodingFilter.java:201)
	at org.springframework.web.filter.OncePerRequestFilter.doFilter(OncePerRequestFilter.java:119)
	at org.apache.catalina.core.ApplicationFilterChain.internalDoFilter(ApplicationFilterChain.java:193)
	at org.apache.catalina.core.ApplicationFilterChain.doFilter(ApplicationFilterChain.java:166)
	at org.apache.catalina.core.StandardWrapperValve.invoke(StandardWrapperValve.java:202)
	at org.apache.catalina.core.StandardContextValve.invoke(StandardContextValve.java:96)
	at org.apache.catalina.authenticator.AuthenticatorBase.invoke(AuthenticatorBase.java:541)
	at org.apache.catalina.core.StandardHostValve.invoke(StandardHostValve.java:139)
	at org.apache.catalina.valves.ErrorReportValve.invoke(ErrorReportValve.java:92)
	at org.apache.catalina.core.StandardEngineValve.invoke(StandardEngineValve.java:74)
	at org.apache.catalina.connector.CoyoteAdapter.service(CoyoteAdapter.java:343)
	at org.apache.coyote.http11.Http11Processor.service(Http11Processor.java:373)
	at org.apache.coyote.AbstractProcessorLight.process(AbstractProcessorLight.java:65)
	at org.apache.coyote.AbstractProtocol$ConnectionHandler.process(AbstractProtocol.java:868)
	at org.apache.tomcat.util.net.NioEndpoint$SocketProcessor.doRun(NioEndpoint.java:1590)
	at org.apache.tomcat.util.net.SocketProcessorBase.run(SocketProcessorBase.java:49)
	at java.util.concurrent.ThreadPoolExecutor.runWorker(Unknown Source)
	at java.util.concurrent.ThreadPoolExecutor$Worker.run(Unknown Source)
	at org.apache.tomcat.util.threads.TaskThread$WrappingRunnable.run(TaskThread.java:61)
	at java.lang.Thread.run(Unknown Source)

[2m2020-06-17 19:25:47.434[0;39m [32m INFO[0;39m [35m18856[0;39m [2m---[0;39m [2m[nio-9999-exec-5][0;39m [36mc.s.H.controller.chartController        [0;39m [2m:[0;39m -- didLogin -- Wed Jun 17 19:25:47 KST 2020
[2m2020-06-17 19:33:28.001[0;39m [32m INFO[0;39m [35m18856[0;39m [2m---[0;39m [2m[nio-9999-exec-9][0;39m [36mc.s.H.controller.chartController        [0;39m [2m:[0;39m -- didLogin -- Wed Jun 17 19:33:28 KST 2020
[2m2020-06-17 19:34:32.323[0;39m [32m INFO[0;39m [35m18856[0;39m [2m---[0;39m [2m[nio-9999-exec-4][0;39m [36mc.s.H.controller.chartController        [0;39m [2m:[0;39m -- didLogin -- Wed Jun 17 19:34:32 KST 2020
[2m2020-06-17 23:13:50.479[0;39m [32m INFO[0;39m [35m18856[0;39m [2m---[0;39m [2m[on(2)-127.0.0.1][0;39m [36minMXBeanRegistrar$SpringApplicationAdmin[0;39m [2m:[0;39m Application shutdown requested.
[2m2020-06-17 23:13:50.616[0;39m [32m INFO[0;39m [35m18856[0;39m [2m---[0;39m [2m[on(2)-127.0.0.1][0;39m [36mo.s.s.concurrent.ThreadPoolTaskExecutor [0;39m [2m:[0;39m Shutting down ExecutorService 'applicationTaskExecutor'
