[2m2020-06-21 13:07:28.887[0;39m [32m INFO[0;39m [35m11576[0;39m [2m---[0;39m [2m[  restartedMain][0;39m [36m.e.DevToolsPropertyDefaultsPostProcessor[0;39m [2m:[0;39m Devtools property defaults active! Set 'spring.devtools.add-properties' to 'false' to disable
[2m2020-06-21 13:07:28.897[0;39m [32m INFO[0;39m [35m11576[0;39m [2m---[0;39m [2m[  restartedMain][0;39m [36m.e.DevToolsPropertyDefaultsPostProcessor[0;39m [2m:[0;39m For additional web related logging consider setting the 'logging.level.web' property to 'DEBUG'
[2m2020-06-21 13:07:31.939[0;39m [32m INFO[0;39m [35m11576[0;39m [2m---[0;39m [2m[  restartedMain][0;39m [36mtrationDelegate$BeanPostProcessorChecker[0;39m [2m:[0;39m Bean 'org.springframework.ws.config.annotation.DelegatingWsConfiguration' of type [org.springframework.ws.config.annotation.DelegatingWsConfiguration$$EnhancerBySpringCGLIB$$e99365f0] is not eligible for getting processed by all BeanPostProcessors (for example: not eligible for auto-proxying)
[2m2020-06-21 13:07:32.027[0;39m [32m INFO[0;39m [35m11576[0;39m [2m---[0;39m [2m[  restartedMain][0;39m [36m.w.s.a.s.AnnotationActionEndpointMapping[0;39m [2m:[0;39m Supporting [WS-Addressing August 2004, WS-Addressing 1.0]
[2m2020-06-21 13:07:32.616[0;39m [32m INFO[0;39m [35m11576[0;39m [2m---[0;39m [2m[  restartedMain][0;39m [36mo.s.b.w.embedded.tomcat.TomcatWebServer [0;39m [2m:[0;39m Tomcat initialized with port(s): 9999 (http)
[2m2020-06-21 13:07:33.094[0;39m [32m INFO[0;39m [35m11576[0;39m [2m---[0;39m [2m[  restartedMain][0;39m [36mo.s.web.context.ContextLoader           [0;39m [2m:[0;39m Root WebApplicationContext: initialization completed in 4197 ms
[2m2020-06-21 13:07:34.722[0;39m [32m INFO[0;39m [35m11576[0;39m [2m---[0;39m [2m[  restartedMain][0;39m [36mo.s.s.concurrent.ThreadPoolTaskExecutor [0;39m [2m:[0;39m Initializing ExecutorService 'applicationTaskExecutor'
[2m2020-06-21 13:07:34.806[0;39m [32m INFO[0;39m [35m11576[0;39m [2m---[0;39m [2m[  restartedMain][0;39m [36mo.s.b.d.a.OptionalLiveReloadServer      [0;39m [2m:[0;39m LiveReload server is running on port 35729
[2m2020-06-21 13:07:34.858[0;39m [32m INFO[0;39m [35m11576[0;39m [2m---[0;39m [2m[  restartedMain][0;39m [36mo.s.b.a.w.s.WelcomePageHandlerMapping   [0;39m [2m:[0;39m Adding welcome page: class path resource [static/index.html]
[2m2020-06-21 13:07:35.614[0;39m [32m INFO[0;39m [35m11576[0;39m [2m---[0;39m [2m[  restartedMain][0;39m [36mo.s.b.w.embedded.tomcat.TomcatWebServer [0;39m [2m:[0;39m Tomcat started on port(s): 9999 (http) with context path '/happyhouse'
[2m2020-06-21 14:36:28.078[0;39m [32m INFO[0;39m [35m11576[0;39m [2m---[0;39m [2m[nio-9999-exec-1][0;39m [36mo.s.web.servlet.DispatcherServlet       [0;39m [2m:[0;39m Initializing Servlet 'dispatcherServlet'
[2m2020-06-21 14:36:28.090[0;39m [32m INFO[0;39m [35m11576[0;39m [2m---[0;39m [2m[nio-9999-exec-1][0;39m [36mo.s.web.servlet.DispatcherServlet       [0;39m [2m:[0;39m Completed initialization in 11 ms
[2m2020-06-21 14:49:20.113[0;39m [32m INFO[0;39m [35m11576[0;39m [2m---[0;39m [2m[io-9999-exec-10][0;39m [36mc.s.H.controller.chartController        [0;39m [2m:[0;39m -- didLogin -- Sun Jun 21 14:49:20 KST 2020
[2m2020-06-21 14:56:14.960[0;39m [32m INFO[0;39m [35m11576[0;39m [2m---[0;39m [2m[nio-9999-exec-2][0;39m [36mc.s.HappyHouse.controller.aptController [0;39m [2m:[0;39m -- apt search -- Sun Jun 21 14:56:14 KST 2020
[2m2020-06-21 15:25:07.898[0;39m [32m INFO[0;39m [35m11576[0;39m [2m---[0;39m [2m[nio-9999-exec-3][0;39m [36mc.s.HappyHouse.controller.aptController [0;39m [2m:[0;39m -- apt search -- Sun Jun 21 15:25:07 KST 2020
[2m2020-06-21 15:26:57.297[0;39m [32mDEBUG[0;39m [35m11576[0;39m [2m---[0;39m [2m[nio-9999-exec-7][0;39m [36mc.s.HappyHouse.controller.QnAController [0;39m [2m:[0;39m insert - 호출
[2m2020-06-21 15:28:41.558[0;39m [32m INFO[0;39m [35m11576[0;39m [2m---[0;39m [2m[nio-9999-exec-2][0;39m [36mc.s.HappyHouse.controller.aptController [0;39m [2m:[0;39m -- apt search -- Sun Jun 21 15:28:41 KST 2020
[2m2020-06-21 15:36:53.859[0;39m [32m INFO[0;39m [35m11576[0;39m [2m---[0;39m [2m[nio-9999-exec-9][0;39m [36mc.s.H.controller.chartController        [0;39m [2m:[0;39m -- didLogin -- Sun Jun 21 15:36:53 KST 2020
[2m2020-06-21 15:36:54.017[0;39m [32mDEBUG[0;39m [35m11576[0;39m [2m---[0;39m [2m[nio-9999-exec-8][0;39m [36mc.s.HappyHouse.controller.QnAController [0;39m [2m:[0;39m retrieveQnA - 호출!!!!!!!!!!!!!!!
[2m2020-06-21 17:40:14.812[0;39m [32m INFO[0;39m [35m11576[0;39m [2m---[0;39m [2m[on(2)-127.0.0.1][0;39m [36minMXBeanRegistrar$SpringApplicationAdmin[0;39m [2m:[0;39m Application shutdown requested.
[2m2020-06-21 17:40:15.002[0;39m [32m INFO[0;39m [35m11576[0;39m [2m---[0;39m [2m[on(2)-127.0.0.1][0;39m [36mo.s.s.concurrent.ThreadPoolTaskExecutor [0;39m [2m:[0;39m Shutting down ExecutorService 'applicationTaskExecutor'
